{"/home/runner/work/caravan/caravan/apps/coordinator/src/actions/errorNotificationActions.ts": {"path":"/home/runner/work/caravan/caravan/apps/coordinator/src/actions/errorNotificationActions.ts","statementMap":{"0":{"start":{"line":1,"column":38},"end":{"line":1,"column":62}},"1":{"start":{"line":2,"column":40},"end":{"line":2,"column":66}},"2":{"start":{"line":5,"column":2},"end":{"line":8,"column":4}},"3":{"start":{"line":12,"column":2},"end":{"line":14,"column":4}}},"fnMap":{"0":{"name":"setErrorNotification","decl":{"start":{"line":4,"column":16},"end":{"line":4,"column":36}},"loc":{"start":{"line":4,"column":54},"end":{"line":9,"column":1}},"line":4},"1":{"name":"clearErrorNotification","decl":{"start":{"line":11,"column":16},"end":{"line":11,"column":38}},"loc":{"start":{"line":11,"column":41},"end":{"line":15,"column":1}},"line":11}},"branchMap":{},"s":{"0":1,"1":1,"2":0,"3":0},"f":{"0":0,"1":0},"b":{},"_coverageSchema":"1a1c01bbd47fc00a2c39e90264f33305004495a9","hash":"7d0b2c3f701f76cca7c2c2bc15910fc0eec0d0ef"}
,"/home/runner/work/caravan/caravan/apps/coordinator/src/actions/settingsActions.js": {"path":"/home/runner/work/caravan/caravan/apps/coordinator/src/actions/settingsActions.js","statementMap":{"0":{"start":{"line":1,"column":27},"end":{"line":1,"column":40}},"1":{"start":{"line":2,"column":33},"end":{"line":2,"column":52}},"2":{"start":{"line":3,"column":36},"end":{"line":3,"column":58}},"3":{"start":{"line":4,"column":42},"end":{"line":4,"column":70}},"4":{"start":{"line":5,"column":32},"end":{"line":5,"column":50}},"5":{"start":{"line":6,"column":26},"end":{"line":6,"column":38}},"6":{"start":{"line":9,"column":2},"end":{"line":12,"column":4}},"7":{"start":{"line":16,"column":2},"end":{"line":19,"column":4}},"8":{"start":{"line":23,"column":2},"end":{"line":26,"column":4}},"9":{"start":{"line":30,"column":2},"end":{"line":33,"column":4}},"10":{"start":{"line":37,"column":2},"end":{"line":40,"column":4}},"11":{"start":{"line":44,"column":2},"end":{"line":47,"column":4}}},"fnMap":{"0":{"name":"setNetwork","decl":{"start":{"line":8,"column":16},"end":{"line":8,"column":26}},"loc":{"start":{"line":8,"column":34},"end":{"line":13,"column":1}},"line":8},"1":{"name":"setTotalSigners","decl":{"start":{"line":15,"column":16},"end":{"line":15,"column":31}},"loc":{"start":{"line":15,"column":40},"end":{"line":20,"column":1}},"line":15},"2":{"name":"setRequiredSigners","decl":{"start":{"line":22,"column":16},"end":{"line":22,"column":34}},"loc":{"start":{"line":22,"column":43},"end":{"line":27,"column":1}},"line":22},"3":{"name":"setStartingAddressIndex","decl":{"start":{"line":29,"column":16},"end":{"line":29,"column":39}},"loc":{"start":{"line":29,"column":48},"end":{"line":34,"column":1}},"line":29},"4":{"name":"setAddressType","decl":{"start":{"line":36,"column":16},"end":{"line":36,"column":30}},"loc":{"start":{"line":36,"column":38},"end":{"line":41,"column":1}},"line":36},"5":{"name":"setFrozen","decl":{"start":{"line":43,"column":16},"end":{"line":43,"column":25}},"loc":{"start":{"line":43,"column":33},"end":{"line":48,"column":1}},"line":43}},"branchMap":{},"s":{"0":1,"1":1,"2":1,"3":1,"4":1,"5":1,"6":0,"7":0,"8":0,"9":0,"10":0,"11":0},"f":{"0":0,"1":0,"2":0,"3":0,"4":0,"5":0},"b":{},"_coverageSchema":"1a1c01bbd47fc00a2c39e90264f33305004495a9","hash":"3ff6de0bccec7fe1ebe94b89198cf306faa78bdc"}
,"/home/runner/work/caravan/caravan/apps/coordinator/src/actions/transactionActions.js": {"path":"/home/runner/work/caravan/caravan/apps/coordinator/src/actions/transactionActions.js","statementMap":{"0":{"start":{"line":13,"column":36},"end":{"line":13,"column":58}},"1":{"start":{"line":15,"column":36},"end":{"line":15,"column":58}},"2":{"start":{"line":16,"column":33},"end":{"line":16,"column":52}},"3":{"start":{"line":18,"column":26},"end":{"line":18,"column":38}},"4":{"start":{"line":20,"column":26},"end":{"line":20,"column":38}},"5":{"start":{"line":21,"column":34},"end":{"line":21,"column":54}},"6":{"start":{"line":22,"column":33},"end":{"line":22,"column":52}},"7":{"start":{"line":23,"column":29},"end":{"line":23,"column":44}},"8":{"start":{"line":25,"column":28},"end":{"line":25,"column":42}},"9":{"start":{"line":26,"column":23},"end":{"line":26,"column":32}},"10":{"start":{"line":28,"column":32},"end":{"line":28,"column":50}},"11":{"start":{"line":29,"column":29},"end":{"line":29,"column":44}},"12":{"start":{"line":31,"column":24},"end":{"line":31,"column":34}},"13":{"start":{"line":32,"column":33},"end":{"line":32,"column":52}},"14":{"start":{"line":33,"column":29},"end":{"line":33,"column":44}},"15":{"start":{"line":34,"column":39},"end":{"line":34,"column":64}},"16":{"start":{"line":35,"column":42},"end":{"line":35,"column":70}},"17":{"start":{"line":36,"column":33},"end":{"line":36,"column":52}},"18":{"start":{"line":37,"column":26},"end":{"line":37,"column":38}},"19":{"start":{"line":38,"column":33},"end":{"line":38,"column":52}},"20":{"start":{"line":39,"column":34},"end":{"line":39,"column":54}},"21":{"start":{"line":40,"column":31},"end":{"line":40,"column":48}},"22":{"start":{"line":41,"column":30},"end":{"line":41,"column":46}},"23":{"start":{"line":42,"column":33},"end":{"line":42,"column":52}},"24":{"start":{"line":43,"column":33},"end":{"line":43,"column":34}},"25":{"start":{"line":44,"column":34},"end":{"line":44,"column":35}},"26":{"start":{"line":45,"column":31},"end":{"line":45,"column":32}},"27":{"start":{"line":48,"column":2},"end":{"line":50,"column":4}},"28":{"start":{"line":54,"column":2},"end":{"line":57,"column":4}},"29":{"start":{"line":61,"column":2},"end":{"line":64,"column":4}},"30":{"start":{"line":68,"column":2},"end":{"line":71,"column":4}},"31":{"start":{"line":75,"column":2},"end":{"line":77,"column":4}},"32":{"start":{"line":81,"column":2},"end":{"line":84,"column":4}},"33":{"start":{"line":88,"column":2},"end":{"line":92,"column":4}},"34":{"start":{"line":96,"column":2},"end":{"line":100,"column":4}},"35":{"start":{"line":104,"column":2},"end":{"line":108,"column":4}},"36":{"start":{"line":112,"column":2},"end":{"line":115,"column":4}},"37":{"start":{"line":119,"column":2},"end":{"line":136,"column":4}},"38":{"start":{"line":124,"column":8},"end":{"line":124,"column":18}},"39":{"start":{"line":128,"column":4},"end":{"line":128,"column":50}},"40":{"start":{"line":128,"column":28},"end":{"line":128,"column":50}},"41":{"start":{"line":131,"column":18},"end":{"line":131,"column":57}},"42":{"start":{"line":132,"column":4},"end":{"line":132,"column":42}},"43":{"start":{"line":133,"column":4},"end":{"line":133,"column":46}},"44":{"start":{"line":134,"column":4},"end":{"line":134,"column":47}},"45":{"start":{"line":135,"column":4},"end":{"line":135,"column":44}},"46":{"start":{"line":140,"column":2},"end":{"line":143,"column":4}},"47":{"start":{"line":147,"column":2},"end":{"line":152,"column":4}},"48":{"start":{"line":148,"column":34},"end":{"line":148,"column":62}},"49":{"start":{"line":149,"column":4},"end":{"line":149,"column":35}},"50":{"start":{"line":149,"column":28},"end":{"line":149,"column":35}},"51":{"start":{"line":151,"column":4},"end":{"line":151,"column":46}},"52":{"start":{"line":156,"column":2},"end":{"line":159,"column":4}},"53":{"start":{"line":163,"column":2},"end":{"line":166,"column":4}},"54":{"start":{"line":170,"column":2},"end":{"line":173,"column":4}},"55":{"start":{"line":177,"column":2},"end":{"line":179,"column":4}},"56":{"start":{"line":183,"column":2},"end":{"line":186,"column":4}},"57":{"start":{"line":190,"column":2},"end":{"line":193,"column":4}},"58":{"start":{"line":197,"column":2},"end":{"line":199,"column":4}},"59":{"start":{"line":203,"column":2},"end":{"line":205,"column":4}},"60":{"start":{"line":209,"column":2},"end":{"line":212,"column":4}},"61":{"start":{"line":216,"column":2},"end":{"line":218,"column":4}},"62":{"start":{"line":222,"column":2},"end":{"line":225,"column":4}},"63":{"start":{"line":229,"column":2},"end":{"line":233,"column":4}},"64":{"start":{"line":237,"column":2},"end":{"line":240,"column":4}},"65":{"start":{"line":252,"column":2},"end":{"line":300,"column":4}},"66":{"start":{"line":253,"column":28},"end":{"line":253,"column":58}},"67":{"start":{"line":254,"column":29},"end":{"line":254,"column":60}},"68":{"start":{"line":260,"column":8},"end":{"line":260,"column":18}},"69":{"start":{"line":261,"column":22},"end":{"line":264,"column":5}},"70":{"start":{"line":262,"column":24},"end":{"line":262,"column":50}},"71":{"start":{"line":265,"column":25},"end":{"line":272,"column":6}},"72":{"start":{"line":274,"column":29},"end":{"line":278,"column":5}},"73":{"start":{"line":276,"column":8},"end":{"line":276,"column":64}},"74":{"start":{"line":280,"column":27},"end":{"line":287,"column":5}},"75":{"start":{"line":289,"column":4},"end":{"line":298,"column":8}},"76":{"start":{"line":294,"column":6},"end":{"line":298,"column":8}},"77":{"start":{"line":299,"column":4},"end":{"line":299,"column":77}},"78":{"start":{"line":304,"column":2},"end":{"line":386,"column":4}},"79":{"start":{"line":305,"column":16},"end":{"line":305,"column":26}},"80":{"start":{"line":306,"column":24},"end":{"line":306,"column":38}},"81":{"start":{"line":307,"column":17},"end":{"line":307,"column":74}},"82":{"start":{"line":308,"column":4},"end":{"line":310,"column":5}},"83":{"start":{"line":309,"column":6},"end":{"line":309,"column":47}},"84":{"start":{"line":312,"column":4},"end":{"line":314,"column":5}},"85":{"start":{"line":313,"column":6},"end":{"line":313,"column":59}},"86":{"start":{"line":315,"column":4},"end":{"line":317,"column":5}},"87":{"start":{"line":316,"column":6},"end":{"line":316,"column":60}},"88":{"start":{"line":319,"column":4},"end":{"line":319,"column":29}},"89":{"start":{"line":320,"column":4},"end":{"line":320,"column":47}},"90":{"start":{"line":322,"column":34},"end":{"line":322,"column":69}},"91":{"start":{"line":322,"column":51},"end":{"line":322,"column":69}},"92":{"start":{"line":324,"column":29},"end":{"line":329,"column":5}},"93":{"start":{"line":326,"column":21},"end":{"line":326,"column":62}},"94":{"start":{"line":327,"column":8},"end":{"line":327,"column":56}},"95":{"start":{"line":331,"column":19},"end":{"line":331,"column":21}},"96":{"start":{"line":332,"column":4},"end":{"line":345,"column":7}},"97":{"start":{"line":333,"column":6},"end":{"line":344,"column":9}},"98":{"start":{"line":334,"column":32},"end":{"line":334,"column":76}},"99":{"start":{"line":335,"column":8},"end":{"line":343,"column":9}},"100":{"start":{"line":336,"column":24},"end":{"line":341,"column":11}},"101":{"start":{"line":342,"column":10},"end":{"line":342,"column":29}},"102":{"start":{"line":347,"column":4},"end":{"line":349,"column":5}},"103":{"start":{"line":348,"column":6},"end":{"line":348,"column":75}},"104":{"start":{"line":350,"column":4},"end":{"line":354,"column":5}},"105":{"start":{"line":351,"column":6},"end":{"line":353,"column":8}},"106":{"start":{"line":356,"column":4},"end":{"line":356,"column":32}},"107":{"start":{"line":358,"column":27},"end":{"line":358,"column":43}},"108":{"start":{"line":359,"column":4},"end":{"line":372,"column":7}},"109":{"start":{"line":360,"column":21},"end":{"line":360,"column":36}},"110":{"start":{"line":361,"column":6},"end":{"line":361,"column":72}},"111":{"start":{"line":362,"column":6},"end":{"line":364,"column":7}},"112":{"start":{"line":363,"column":8},"end":{"line":363,"column":30}},"113":{"start":{"line":366,"column":6},"end":{"line":369,"column":7}},"114":{"start":{"line":367,"column":8},"end":{"line":367,"column":47}},"115":{"start":{"line":368,"column":8},"end":{"line":368,"column":57}},"116":{"start":{"line":370,"column":6},"end":{"line":370,"column":57}},"117":{"start":{"line":371,"column":6},"end":{"line":371,"column":74}},"118":{"start":{"line":374,"column":4},"end":{"line":374,"column":23}},"119":{"start":{"line":375,"column":28},"end":{"line":375,"column":78}},"120":{"start":{"line":376,"column":20},"end":{"line":376,"column":54}},"121":{"start":{"line":377,"column":16},"end":{"line":377,"column":43}},"122":{"start":{"line":378,"column":4},"end":{"line":378,"column":26}},"123":{"start":{"line":380,"column":4},"end":{"line":380,"column":36}},"124":{"start":{"line":390,"column":2},"end":{"line":411,"column":4}},"125":{"start":{"line":391,"column":18},"end":{"line":391,"column":28}},"126":{"start":{"line":392,"column":24},"end":{"line":392,"column":38}},"127":{"start":{"line":393,"column":17},"end":{"line":393,"column":74}},"128":{"start":{"line":394,"column":4},"end":{"line":396,"column":5}},"129":{"start":{"line":395,"column":6},"end":{"line":395,"column":47}},"130":{"start":{"line":398,"column":4},"end":{"line":400,"column":5}},"131":{"start":{"line":399,"column":6},"end":{"line":399,"column":59}},"132":{"start":{"line":401,"column":4},"end":{"line":403,"column":5}},"133":{"start":{"line":402,"column":6},"end":{"line":402,"column":60}},"134":{"start":{"line":405,"column":4},"end":{"line":405,"column":29}},"135":{"start":{"line":406,"column":4},"end":{"line":406,"column":47}},"136":{"start":{"line":418,"column":2},"end":{"line":426,"column":4}},"137":{"start":{"line":419,"column":18},"end":{"line":419,"column":28}},"138":{"start":{"line":420,"column":24},"end":{"line":420,"column":38}},"139":{"start":{"line":421,"column":17},"end":{"line":421,"column":74}},"140":{"start":{"line":422,"column":4},"end":{"line":424,"column":5}},"141":{"start":{"line":423,"column":6},"end":{"line":423,"column":47}},"142":{"start":{"line":425,"column":4},"end":{"line":425,"column":16}}},"fnMap":{"0":{"name":"choosePerformSpend","decl":{"start":{"line":47,"column":16},"end":{"line":47,"column":34}},"loc":{"start":{"line":47,"column":37},"end":{"line":51,"column":1}},"line":47},"1":{"name":"setRequiredSigners","decl":{"start":{"line":53,"column":16},"end":{"line":53,"column":34}},"loc":{"start":{"line":53,"column":43},"end":{"line":58,"column":1}},"line":53},"2":{"name":"setTotalSigners","decl":{"start":{"line":60,"column":16},"end":{"line":60,"column":31}},"loc":{"start":{"line":60,"column":40},"end":{"line":65,"column":1}},"line":60},"3":{"name":"setInputs","decl":{"start":{"line":67,"column":16},"end":{"line":67,"column":25}},"loc":{"start":{"line":67,"column":34},"end":{"line":72,"column":1}},"line":67},"4":{"name":"addOutput","decl":{"start":{"line":74,"column":16},"end":{"line":74,"column":25}},"loc":{"start":{"line":74,"column":28},"end":{"line":78,"column":1}},"line":74},"5":{"name":"setChangeOutputIndex","decl":{"start":{"line":80,"column":16},"end":{"line":80,"column":36}},"loc":{"start":{"line":80,"column":45},"end":{"line":85,"column":1}},"line":80},"6":{"name":"setChangeOutputMultisig","decl":{"start":{"line":87,"column":16},"end":{"line":87,"column":39}},"loc":{"start":{"line":87,"column":58},"end":{"line":93,"column":1}},"line":87},"7":{"name":"setOutputAddress","decl":{"start":{"line":95,"column":16},"end":{"line":95,"column":32}},"loc":{"start":{"line":95,"column":50},"end":{"line":101,"column":1}},"line":95},"8":{"name":"setOutputAmount","decl":{"start":{"line":103,"column":16},"end":{"line":103,"column":31}},"loc":{"start":{"line":103,"column":54},"end":{"line":109,"column":1}},"line":103},"9":{"name":"setChangeAddressAction","decl":{"start":{"line":111,"column":16},"end":{"line":111,"column":38}},"loc":{"start":{"line":111,"column":46},"end":{"line":116,"column":1}},"line":111},"10":{"name":"setChangeOutput","decl":{"start":{"line":118,"column":16},"end":{"line":118,"column":31}},"loc":{"start":{"line":118,"column":52},"end":{"line":137,"column":1}},"line":118},"11":{"name":"(anonymous_11)","decl":{"start":{"line":119,"column":9},"end":{"line":119,"column":10}},"loc":{"start":{"line":119,"column":33},"end":{"line":136,"column":3}},"line":119},"12":{"name":"deleteOutput","decl":{"start":{"line":139,"column":16},"end":{"line":139,"column":28}},"loc":{"start":{"line":139,"column":37},"end":{"line":144,"column":1}},"line":139},"13":{"name":"deleteChangeOutput","decl":{"start":{"line":146,"column":16},"end":{"line":146,"column":34}},"loc":{"start":{"line":146,"column":37},"end":{"line":153,"column":1}},"line":146},"14":{"name":"(anonymous_14)","decl":{"start":{"line":147,"column":9},"end":{"line":147,"column":10}},"loc":{"start":{"line":147,"column":33},"end":{"line":152,"column":3}},"line":147},"15":{"name":"setFeeRate","decl":{"start":{"line":155,"column":16},"end":{"line":155,"column":26}},"loc":{"start":{"line":155,"column":40},"end":{"line":160,"column":1}},"line":155},"16":{"name":"setFee","decl":{"start":{"line":162,"column":16},"end":{"line":162,"column":22}},"loc":{"start":{"line":162,"column":36},"end":{"line":167,"column":1}},"line":162},"17":{"name":"finalizeOutputs","decl":{"start":{"line":169,"column":16},"end":{"line":169,"column":31}},"loc":{"start":{"line":169,"column":43},"end":{"line":174,"column":1}},"line":169},"18":{"name":"resetOutputs","decl":{"start":{"line":176,"column":16},"end":{"line":176,"column":28}},"loc":{"start":{"line":176,"column":31},"end":{"line":180,"column":1}},"line":176},"19":{"name":"setBalanceError","decl":{"start":{"line":182,"column":16},"end":{"line":182,"column":31}},"loc":{"start":{"line":182,"column":41},"end":{"line":187,"column":1}},"line":182},"20":{"name":"setUnsignedPSBT","decl":{"start":{"line":189,"column":16},"end":{"line":189,"column":31}},"loc":{"start":{"line":189,"column":39},"end":{"line":194,"column":1}},"line":189},"21":{"name":"resetPSBT","decl":{"start":{"line":196,"column":16},"end":{"line":196,"column":25}},"loc":{"start":{"line":196,"column":28},"end":{"line":200,"column":1}},"line":196},"22":{"name":"resetTransaction","decl":{"start":{"line":202,"column":16},"end":{"line":202,"column":32}},"loc":{"start":{"line":202,"column":35},"end":{"line":206,"column":1}},"line":202},"23":{"name":"setTXID","decl":{"start":{"line":208,"column":16},"end":{"line":208,"column":23}},"loc":{"start":{"line":208,"column":30},"end":{"line":213,"column":1}},"line":208},"24":{"name":"setIsWallet","decl":{"start":{"line":215,"column":16},"end":{"line":215,"column":27}},"loc":{"start":{"line":215,"column":30},"end":{"line":219,"column":1}},"line":215},"25":{"name":"updateAutoSpendAction","decl":{"start":{"line":221,"column":16},"end":{"line":221,"column":37}},"loc":{"start":{"line":221,"column":45},"end":{"line":226,"column":1}},"line":221},"26":{"name":"setSigningKey","decl":{"start":{"line":228,"column":16},"end":{"line":228,"column":29}},"loc":{"start":{"line":228,"column":70},"end":{"line":234,"column":1}},"line":228},"27":{"name":"setSpendStep","decl":{"start":{"line":236,"column":16},"end":{"line":236,"column":28}},"loc":{"start":{"line":236,"column":36},"end":{"line":241,"column":1}},"line":236},"28":{"name":"setMaxSpendOnOutput","decl":{"start":{"line":251,"column":16},"end":{"line":251,"column":35}},"loc":{"start":{"line":251,"column":49},"end":{"line":301,"column":1}},"line":251},"29":{"name":"(anonymous_29)","decl":{"start":{"line":252,"column":9},"end":{"line":252,"column":10}},"loc":{"start":{"line":252,"column":33},"end":{"line":300,"column":3}},"line":252},"30":{"name":"(anonymous_30)","decl":{"start":{"line":262,"column":6},"end":{"line":262,"column":7}},"loc":{"start":{"line":262,"column":24},"end":{"line":262,"column":50}},"line":262},"31":{"name":"(anonymous_31)","decl":{"start":{"line":275,"column":6},"end":{"line":275,"column":7}},"loc":{"start":{"line":276,"column":8},"end":{"line":276,"column":64}},"line":276},"32":{"name":"importPSBT","decl":{"start":{"line":303,"column":16},"end":{"line":303,"column":26}},"loc":{"start":{"line":303,"column":37},"end":{"line":387,"column":1}},"line":303},"33":{"name":"(anonymous_33)","decl":{"start":{"line":304,"column":9},"end":{"line":304,"column":10}},"loc":{"start":{"line":304,"column":33},"end":{"line":386,"column":3}},"line":304},"34":{"name":"(anonymous_34)","decl":{"start":{"line":322,"column":34},"end":{"line":322,"column":35}},"loc":{"start":{"line":322,"column":51},"end":{"line":322,"column":69}},"line":322},"35":{"name":"(anonymous_35)","decl":{"start":{"line":325,"column":24},"end":{"line":325,"column":25}},"loc":{"start":{"line":325,"column":35},"end":{"line":328,"column":7}},"line":325},"36":{"name":"(anonymous_36)","decl":{"start":{"line":332,"column":38},"end":{"line":332,"column":39}},"loc":{"start":{"line":332,"column":49},"end":{"line":345,"column":5}},"line":332},"37":{"name":"(anonymous_37)","decl":{"start":{"line":333,"column":42},"end":{"line":333,"column":43}},"loc":{"start":{"line":333,"column":56},"end":{"line":344,"column":7}},"line":333},"38":{"name":"(anonymous_38)","decl":{"start":{"line":359,"column":27},"end":{"line":359,"column":28}},"loc":{"start":{"line":359,"column":52},"end":{"line":372,"column":5}},"line":359},"39":{"name":"importHermitPSBT","decl":{"start":{"line":389,"column":16},"end":{"line":389,"column":32}},"loc":{"start":{"line":389,"column":43},"end":{"line":412,"column":1}},"line":389},"40":{"name":"(anonymous_40)","decl":{"start":{"line":390,"column":9},"end":{"line":390,"column":10}},"loc":{"start":{"line":390,"column":33},"end":{"line":411,"column":3}},"line":390},"41":{"name":"importLegacyPSBT","decl":{"start":{"line":417,"column":16},"end":{"line":417,"column":32}},"loc":{"start":{"line":417,"column":43},"end":{"line":427,"column":1}},"line":417},"42":{"name":"(anonymous_42)","decl":{"start":{"line":418,"column":9},"end":{"line":418,"column":10}},"loc":{"start":{"line":418,"column":33},"end":{"line":426,"column":3}},"line":418}},"branchMap":{"0":{"loc":{"start":{"line":128,"column":4},"end":{"line":128,"column":50}},"type":"if","locations":[{"start":{"line":128,"column":4},"end":{"line":128,"column":50}},{"start":{},"end":{}}],"line":128},"1":{"loc":{"start":{"line":131,"column":18},"end":{"line":131,"column":57}},"type":"binary-expr","locations":[{"start":{"line":131,"column":18},"end":{"line":131,"column":35}},{"start":{"line":131,"column":39},"end":{"line":131,"column":57}}],"line":131},"2":{"loc":{"start":{"line":149,"column":4},"end":{"line":149,"column":35}},"type":"if","locations":[{"start":{"line":149,"column":4},"end":{"line":149,"column":35}},{"start":{},"end":{}}],"line":149},"3":{"loc":{"start":{"line":276,"column":19},"end":{"line":276,"column":63}},"type":"cond-expr","locations":[{"start":{"line":276,"column":42},"end":{"line":276,"column":59}},{"start":{"line":276,"column":62},"end":{"line":276,"column":63}}],"line":276},"4":{"loc":{"start":{"line":283,"column":17},"end":{"line":283,"column":58}},"type":"cond-expr","locations":[{"start":{"line":283,"column":38},"end":{"line":283,"column":54}},{"start":{"line":283,"column":57},"end":{"line":283,"column":58}}],"line":283},"5":{"loc":{"start":{"line":289,"column":4},"end":{"line":298,"column":8}},"type":"if","locations":[{"start":{"line":289,"column":4},"end":{"line":298,"column":8}},{"start":{},"end":{}}],"line":289},"6":{"loc":{"start":{"line":290,"column":6},"end":{"line":292,"column":44}},"type":"binary-expr","locations":[{"start":{"line":290,"column":7},"end":{"line":290,"column":75}},{"start":{"line":291,"column":8},"end":{"line":291,"column":26}},{"start":{"line":292,"column":6},"end":{"line":292,"column":44}}],"line":290},"7":{"loc":{"start":{"line":308,"column":4},"end":{"line":310,"column":5}},"type":"if","locations":[{"start":{"line":308,"column":4},"end":{"line":310,"column":5}},{"start":{},"end":{}}],"line":308},"8":{"loc":{"start":{"line":312,"column":4},"end":{"line":314,"column":5}},"type":"if","locations":[{"start":{"line":312,"column":4},"end":{"line":314,"column":5}},{"start":{},"end":{}}],"line":312},"9":{"loc":{"start":{"line":315,"column":4},"end":{"line":317,"column":5}},"type":"if","locations":[{"start":{"line":315,"column":4},"end":{"line":317,"column":5}},{"start":{},"end":{}}],"line":315},"10":{"loc":{"start":{"line":335,"column":8},"end":{"line":343,"column":9}},"type":"if","locations":[{"start":{"line":335,"column":8},"end":{"line":343,"column":9}},{"start":{},"end":{}}],"line":335},"11":{"loc":{"start":{"line":347,"column":4},"end":{"line":349,"column":5}},"type":"if","locations":[{"start":{"line":347,"column":4},"end":{"line":349,"column":5}},{"start":{},"end":{}}],"line":347},"12":{"loc":{"start":{"line":350,"column":4},"end":{"line":354,"column":5}},"type":"if","locations":[{"start":{"line":350,"column":4},"end":{"line":354,"column":5}},{"start":{},"end":{}}],"line":350},"13":{"loc":{"start":{"line":362,"column":6},"end":{"line":364,"column":7}},"type":"if","locations":[{"start":{"line":362,"column":6},"end":{"line":364,"column":7}},{"start":{},"end":{}}],"line":362},"14":{"loc":{"start":{"line":366,"column":6},"end":{"line":369,"column":7}},"type":"if","locations":[{"start":{"line":366,"column":6},"end":{"line":369,"column":7}},{"start":{},"end":{}}],"line":366},"15":{"loc":{"start":{"line":394,"column":4},"end":{"line":396,"column":5}},"type":"if","locations":[{"start":{"line":394,"column":4},"end":{"line":396,"column":5}},{"start":{},"end":{}}],"line":394},"16":{"loc":{"start":{"line":398,"column":4},"end":{"line":400,"column":5}},"type":"if","locations":[{"start":{"line":398,"column":4},"end":{"line":400,"column":5}},{"start":{},"end":{}}],"line":398},"17":{"loc":{"start":{"line":401,"column":4},"end":{"line":403,"column":5}},"type":"if","locations":[{"start":{"line":401,"column":4},"end":{"line":403,"column":5}},{"start":{},"end":{}}],"line":401},"18":{"loc":{"start":{"line":422,"column":4},"end":{"line":424,"column":5}},"type":"if","locations":[{"start":{"line":422,"column":4},"end":{"line":424,"column":5}},{"start":{},"end":{}}],"line":422}},"s":{"0":1,"1":1,"2":1,"3":1,"4":1,"5":1,"6":1,"7":1,"8":1,"9":1,"10":1,"11":1,"12":1,"13":1,"14":1,"15":1,"16":1,"17":1,"18":1,"19":1,"20":1,"21":1,"22":1,"23":1,"24":1,"25":1,"26":1,"27":0,"28":0,"29":0,"30":0,"31":0,"32":0,"33":0,"34":0,"35":0,"36":0,"37":0,"38":0,"39":0,"40":0,"41":0,"42":0,"43":0,"44":0,"45":0,"46":0,"47":0,"48":0,"49":0,"50":0,"51":0,"52":0,"53":0,"54":0,"55":0,"56":0,"57":0,"58":0,"59":0,"60":0,"61":0,"62":0,"63":0,"64":0,"65":0,"66":0,"67":0,"68":0,"69":0,"70":0,"71":0,"72":0,"73":0,"74":0,"75":0,"76":0,"77":0,"78":0,"79":0,"80":0,"81":0,"82":0,"83":0,"84":0,"85":0,"86":0,"87":0,"88":0,"89":0,"90":0,"91":0,"92":0,"93":0,"94":0,"95":0,"96":0,"97":0,"98":0,"99":0,"100":0,"101":0,"102":0,"103":0,"104":0,"105":0,"106":0,"107":0,"108":0,"109":0,"110":0,"111":0,"112":0,"113":0,"114":0,"115":0,"116":0,"117":0,"118":0,"119":0,"120":0,"121":0,"122":0,"123":0,"124":0,"125":0,"126":0,"127":0,"128":0,"129":0,"130":0,"131":0,"132":0,"133":0,"134":0,"135":0,"136":0,"137":0,"138":0,"139":0,"140":0,"141":0,"142":0},"f":{"0":0,"1":0,"2":0,"3":0,"4":0,"5":0,"6":0,"7":0,"8":0,"9":0,"10":0,"11":0,"12":0,"13":0,"14":0,"15":0,"16":0,"17":0,"18":0,"19":0,"20":0,"21":0,"22":0,"23":0,"24":0,"25":0,"26":0,"27":0,"28":0,"29":0,"30":0,"31":0,"32":0,"33":0,"34":0,"35":0,"36":0,"37":0,"38":0,"39":0,"40":0,"41":0,"42":0},"b":{"0":[0,0],"1":[0,0],"2":[0,0],"3":[0,0],"4":[0,0],"5":[0,0],"6":[0,0,0],"7":[0,0],"8":[0,0],"9":[0,0],"10":[0,0],"11":[0,0],"12":[0,0],"13":[0,0],"14":[0,0],"15":[0,0],"16":[0,0],"17":[0,0],"18":[0,0]},"_coverageSchema":"1a1c01bbd47fc00a2c39e90264f33305004495a9","hash":"1a5e34d656e3936f52db41f505b77169c630e0de"}
,"/home/runner/work/caravan/caravan/apps/coordinator/src/actions/walletActions.js": {"path":"/home/runner/work/caravan/caravan/apps/coordinator/src/actions/walletActions.js","statementMap":{"0":{"start":{"line":19,"column":36},"end":{"line":19,"column":58}},"1":{"start":{"line":20,"column":35},"end":{"line":20,"column":56}},"2":{"start":{"line":21,"column":33},"end":{"line":21,"column":52}},"3":{"start":{"line":22,"column":34},"end":{"line":22,"column":54}},"4":{"start":{"line":23,"column":34},"end":{"line":23,"column":54}},"5":{"start":{"line":24,"column":34},"end":{"line":24,"column":54}},"6":{"start":{"line":25,"column":33},"end":{"line":25,"column":52}},"7":{"start":{"line":26,"column":28},"end":{"line":26,"column":42}},"8":{"start":{"line":27,"column":28},"end":{"line":27,"column":42}},"9":{"start":{"line":28,"column":37},"end":{"line":28,"column":60}},"10":{"start":{"line":29,"column":40},"end":{"line":29,"column":66}},"11":{"start":{"line":30,"column":43},"end":{"line":30,"column":71}},"12":{"start":{"line":32,"column":28},"end":{"line":37,"column":1}},"13":{"start":{"line":40,"column":2},"end":{"line":46,"column":4}},"14":{"start":{"line":50,"column":2},"end":{"line":56,"column":4}},"15":{"start":{"line":60,"column":2},"end":{"line":62,"column":4}},"16":{"start":{"line":76,"column":2},"end":{"line":158,"column":4}},"17":{"start":{"line":87,"column":8},"end":{"line":87,"column":18}},"18":{"start":{"line":88,"column":65},"end":{"line":88,"column":73}},"19":{"start":{"line":89,"column":56},"end":{"line":89,"column":67}},"20":{"start":{"line":90,"column":28},"end":{"line":90,"column":58}},"21":{"start":{"line":96,"column":4},"end":{"line":107,"column":5}},"22":{"start":{"line":97,"column":6},"end":{"line":104,"column":9}},"23":{"start":{"line":106,"column":6},"end":{"line":106,"column":50}},"24":{"start":{"line":112,"column":20},"end":{"line":118,"column":5}},"25":{"start":{"line":121,"column":4},"end":{"line":152,"column":5}},"26":{"start":{"line":123,"column":27},"end":{"line":126,"column":7}},"27":{"start":{"line":124,"column":27},"end":{"line":124,"column":56}},"28":{"start":{"line":127,"column":30},"end":{"line":130,"column":7}},"29":{"start":{"line":128,"column":25},"end":{"line":128,"column":52}},"30":{"start":{"line":131,"column":6},"end":{"line":134,"column":9}},"31":{"start":{"line":136,"column":27},"end":{"line":139,"column":19}},"32":{"start":{"line":141,"column":6},"end":{"line":146,"column":8}},"33":{"start":{"line":148,"column":6},"end":{"line":151,"column":9}},"34":{"start":{"line":154,"column":4},"end":{"line":154,"column":46}},"35":{"start":{"line":156,"column":4},"end":{"line":156,"column":39}},"36":{"start":{"line":157,"column":4},"end":{"line":157,"column":36}},"37":{"start":{"line":174,"column":2},"end":{"line":291,"column":4}},"38":{"start":{"line":184,"column":8},"end":{"line":184,"column":18}},"39":{"start":{"line":187,"column":29},"end":{"line":196,"column":5}},"40":{"start":{"line":188,"column":20},"end":{"line":188,"column":69}},"41":{"start":{"line":189,"column":6},"end":{"line":195,"column":8}},"42":{"start":{"line":199,"column":19},"end":{"line":199,"column":30}},"43":{"start":{"line":203,"column":4},"end":{"line":205,"column":5}},"44":{"start":{"line":204,"column":6},"end":{"line":204,"column":31}},"45":{"start":{"line":208,"column":25},"end":{"line":208,"column":27}},"46":{"start":{"line":213,"column":23},"end":{"line":213,"column":32}},"47":{"start":{"line":216,"column":4},"end":{"line":226,"column":7}},"48":{"start":{"line":217,"column":26},"end":{"line":217,"column":40}},"49":{"start":{"line":221,"column":6},"end":{"line":225,"column":7}},"50":{"start":{"line":222,"column":8},"end":{"line":222,"column":32}},"51":{"start":{"line":224,"column":8},"end":{"line":224,"column":70}},"52":{"start":{"line":229,"column":4},"end":{"line":237,"column":5}},"53":{"start":{"line":230,"column":6},"end":{"line":230,"column":54}},"54":{"start":{"line":232,"column":6},"end":{"line":236,"column":8}},"55":{"start":{"line":241,"column":4},"end":{"line":256,"column":5}},"56":{"start":{"line":241,"column":17},"end":{"line":241,"column":18}},"57":{"start":{"line":242,"column":20},"end":{"line":242,"column":36}},"58":{"start":{"line":243,"column":24},"end":{"line":245,"column":53}},"59":{"start":{"line":249,"column":6},"end":{"line":255,"column":7}},"60":{"start":{"line":250,"column":8},"end":{"line":253,"column":11}},"61":{"start":{"line":254,"column":8},"end":{"line":254,"column":41}},"62":{"start":{"line":261,"column":4},"end":{"line":265,"column":8}},"63":{"start":{"line":262,"column":6},"end":{"line":265,"column":8}},"64":{"start":{"line":263,"column":14},"end":{"line":263,"column":79}},"65":{"start":{"line":269,"column":4},"end":{"line":274,"column":5}},"66":{"start":{"line":270,"column":20},"end":{"line":271,"column":92}},"67":{"start":{"line":272,"column":6},"end":{"line":272,"column":69}},"68":{"start":{"line":272,"column":31},"end":{"line":272,"column":69}},"69":{"start":{"line":273,"column":6},"end":{"line":273,"column":53}},"70":{"start":{"line":279,"column":25},"end":{"line":282,"column":5}},"71":{"start":{"line":286,"column":4},"end":{"line":290,"column":75}},"72":{"start":{"line":290,"column":6},"end":{"line":290,"column":75}},"73":{"start":{"line":295,"column":2},"end":{"line":298,"column":4}},"74":{"start":{"line":302,"column":2},"end":{"line":305,"column":4}},"75":{"start":{"line":309,"column":2},"end":{"line":312,"column":4}},"76":{"start":{"line":316,"column":2},"end":{"line":322,"column":4}},"77":{"start":{"line":326,"column":2},"end":{"line":328,"column":4}},"78":{"start":{"line":332,"column":2},"end":{"line":334,"column":4}},"79":{"start":{"line":338,"column":2},"end":{"line":340,"column":4}},"80":{"start":{"line":344,"column":2},"end":{"line":346,"column":4}}},"fnMap":{"0":{"name":"updateDepositSliceAction","decl":{"start":{"line":39,"column":16},"end":{"line":39,"column":40}},"loc":{"start":{"line":39,"column":48},"end":{"line":47,"column":1}},"line":39},"1":{"name":"updateChangeSliceAction","decl":{"start":{"line":49,"column":16},"end":{"line":49,"column":39}},"loc":{"start":{"line":49,"column":47},"end":{"line":57,"column":1}},"line":49},"2":{"name":"resetNodesSpend","decl":{"start":{"line":59,"column":16},"end":{"line":59,"column":31}},"loc":{"start":{"line":59,"column":34},"end":{"line":63,"column":1}},"line":59},"3":{"name":"autoSelectCoins","decl":{"start":{"line":74,"column":16},"end":{"line":74,"column":31}},"loc":{"start":{"line":74,"column":34},"end":{"line":159,"column":1}},"line":74},"4":{"name":"(anonymous_4)","decl":{"start":{"line":76,"column":9},"end":{"line":76,"column":10}},"loc":{"start":{"line":76,"column":33},"end":{"line":158,"column":3}},"line":76},"5":{"name":"(anonymous_5)","decl":{"start":{"line":124,"column":8},"end":{"line":124,"column":9}},"loc":{"start":{"line":124,"column":27},"end":{"line":124,"column":56}},"line":124},"6":{"name":"(anonymous_6)","decl":{"start":{"line":128,"column":8},"end":{"line":128,"column":9}},"loc":{"start":{"line":128,"column":25},"end":{"line":128,"column":52}},"line":128},"7":{"name":"updateTxSlices","decl":{"start":{"line":168,"column":16},"end":{"line":168,"column":30}},"loc":{"start":{"line":172,"column":2},"end":{"line":292,"column":1}},"line":172},"8":{"name":"(anonymous_8)","decl":{"start":{"line":174,"column":9},"end":{"line":174,"column":10}},"loc":{"start":{"line":174,"column":39},"end":{"line":291,"column":3}},"line":174},"9":{"name":"(anonymous_9)","decl":{"start":{"line":187,"column":29},"end":{"line":187,"column":30}},"loc":{"start":{"line":187,"column":59},"end":{"line":196,"column":5}},"line":187},"10":{"name":"(anonymous_10)","decl":{"start":{"line":216,"column":19},"end":{"line":216,"column":20}},"loc":{"start":{"line":216,"column":30},"end":{"line":226,"column":5}},"line":216},"11":{"name":"(anonymous_11)","decl":{"start":{"line":263,"column":8},"end":{"line":263,"column":9}},"loc":{"start":{"line":263,"column":14},"end":{"line":263,"column":79}},"line":263},"12":{"name":"setWalletModeAction","decl":{"start":{"line":294,"column":16},"end":{"line":294,"column":35}},"loc":{"start":{"line":294,"column":43},"end":{"line":299,"column":1}},"line":294},"13":{"name":"updateWalletNameAction","decl":{"start":{"line":301,"column":16},"end":{"line":301,"column":38}},"loc":{"start":{"line":301,"column":54},"end":{"line":306,"column":1}},"line":301},"14":{"name":"updateWalletUuidAction","decl":{"start":{"line":308,"column":16},"end":{"line":308,"column":38}},"loc":{"start":{"line":308,"column":46},"end":{"line":313,"column":1}},"line":308},"15":{"name":"updateWalletPolicyRegistrationsAction","decl":{"start":{"line":315,"column":16},"end":{"line":315,"column":53}},"loc":{"start":{"line":315,"column":75},"end":{"line":323,"column":1}},"line":315},"16":{"name":"resetWalletView","decl":{"start":{"line":325,"column":16},"end":{"line":325,"column":31}},"loc":{"start":{"line":325,"column":34},"end":{"line":329,"column":1}},"line":325},"17":{"name":"resetWallet","decl":{"start":{"line":331,"column":16},"end":{"line":331,"column":27}},"loc":{"start":{"line":331,"column":30},"end":{"line":335,"column":1}},"line":331},"18":{"name":"initialLoadComplete","decl":{"start":{"line":337,"column":16},"end":{"line":337,"column":35}},"loc":{"start":{"line":337,"column":38},"end":{"line":341,"column":1}},"line":337},"19":{"name":"resetNodesFetchErrors","decl":{"start":{"line":343,"column":16},"end":{"line":343,"column":37}},"loc":{"start":{"line":343,"column":40},"end":{"line":347,"column":1}},"line":343}},"branchMap":{"0":{"loc":{"start":{"line":121,"column":4},"end":{"line":152,"column":5}},"type":"if","locations":[{"start":{"line":121,"column":4},"end":{"line":152,"column":5}},{"start":{"line":147,"column":11},"end":{"line":152,"column":5}}],"line":121},"1":{"loc":{"start":{"line":170,"column":2},"end":{"line":170,"column":14}},"type":"default-arg","locations":[{"start":{"line":170,"column":12},"end":{"line":170,"column":14}}],"line":170},"2":{"loc":{"start":{"line":171,"column":2},"end":{"line":171,"column":27}},"type":"default-arg","locations":[{"start":{"line":171,"column":18},"end":{"line":171,"column":27}}],"line":171},"3":{"loc":{"start":{"line":203,"column":4},"end":{"line":205,"column":5}},"type":"if","locations":[{"start":{"line":203,"column":4},"end":{"line":205,"column":5}},{"start":{},"end":{}}],"line":203},"4":{"loc":{"start":{"line":203,"column":8},"end":{"line":203,"column":69}},"type":"binary-expr","locations":[{"start":{"line":203,"column":8},"end":{"line":203,"column":19}},{"start":{"line":203,"column":23},"end":{"line":203,"column":69}}],"line":203},"5":{"loc":{"start":{"line":221,"column":6},"end":{"line":225,"column":7}},"type":"if","locations":[{"start":{"line":221,"column":6},"end":{"line":225,"column":7}},{"start":{},"end":{}}],"line":221},"6":{"loc":{"start":{"line":221,"column":10},"end":{"line":221,"column":65}},"type":"binary-expr","locations":[{"start":{"line":221,"column":10},"end":{"line":221,"column":34}},{"start":{"line":221,"column":38},"end":{"line":221,"column":65}}],"line":221},"7":{"loc":{"start":{"line":243,"column":24},"end":{"line":245,"column":53}},"type":"cond-expr","locations":[{"start":{"line":244,"column":10},"end":{"line":244,"column":52}},{"start":{"line":245,"column":10},"end":{"line":245,"column":53}}],"line":243},"8":{"loc":{"start":{"line":249,"column":6},"end":{"line":255,"column":7}},"type":"if","locations":[{"start":{"line":249,"column":6},"end":{"line":255,"column":7}},{"start":{},"end":{}}],"line":249},"9":{"loc":{"start":{"line":249,"column":10},"end":{"line":249,"column":66}},"type":"binary-expr","locations":[{"start":{"line":249,"column":10},"end":{"line":249,"column":15}},{"start":{"line":249,"column":19},"end":{"line":249,"column":30}},{"start":{"line":249,"column":34},"end":{"line":249,"column":66}}],"line":249},"10":{"loc":{"start":{"line":251,"column":16},"end":{"line":251,"column":73}},"type":"cond-expr","locations":[{"start":{"line":251,"column":31},"end":{"line":251,"column":50}},{"start":{"line":251,"column":53},"end":{"line":251,"column":73}}],"line":251},"11":{"loc":{"start":{"line":261,"column":4},"end":{"line":265,"column":8}},"type":"if","locations":[{"start":{"line":261,"column":4},"end":{"line":265,"column":8}},{"start":{},"end":{}}],"line":261},"12":{"loc":{"start":{"line":261,"column":8},"end":{"line":261,"column":62}},"type":"binary-expr","locations":[{"start":{"line":261,"column":8},"end":{"line":261,"column":51}},{"start":{"line":261,"column":55},"end":{"line":261,"column":62}}],"line":261},"13":{"loc":{"start":{"line":269,"column":4},"end":{"line":274,"column":5}},"type":"if","locations":[{"start":{"line":269,"column":4},"end":{"line":274,"column":5}},{"start":{},"end":{}}],"line":269},"14":{"loc":{"start":{"line":272,"column":6},"end":{"line":272,"column":69}},"type":"if","locations":[{"start":{"line":272,"column":6},"end":{"line":272,"column":69}},{"start":{},"end":{}}],"line":272},"15":{"loc":{"start":{"line":272,"column":10},"end":{"line":272,"column":29}},"type":"binary-expr","locations":[{"start":{"line":272,"column":10},"end":{"line":272,"column":14}},{"start":{"line":272,"column":18},"end":{"line":272,"column":29}}],"line":272},"16":{"loc":{"start":{"line":286,"column":4},"end":{"line":290,"column":75}},"type":"if","locations":[{"start":{"line":286,"column":4},"end":{"line":290,"column":75}},{"start":{},"end":{}}],"line":286}},"s":{"0":1,"1":1,"2":1,"3":1,"4":1,"5":1,"6":1,"7":1,"8":1,"9":1,"10":1,"11":1,"12":1,"13":0,"14":0,"15":0,"16":0,"17":0,"18":0,"19":0,"20":0,"21":0,"22":0,"23":0,"24":0,"25":0,"26":0,"27":0,"28":0,"29":0,"30":0,"31":0,"32":0,"33":0,"34":0,"35":0,"36":0,"37":0,"38":0,"39":0,"40":0,"41":0,"42":0,"43":0,"44":0,"45":0,"46":0,"47":0,"48":0,"49":0,"50":0,"51":0,"52":0,"53":0,"54":0,"55":0,"56":0,"57":0,"58":0,"59":0,"60":0,"61":0,"62":0,"63":0,"64":0,"65":0,"66":0,"67":0,"68":0,"69":0,"70":0,"71":0,"72":0,"73":0,"74":0,"75":0,"76":0,"77":0,"78":0,"79":0,"80":0},"f":{"0":0,"1":0,"2":0,"3":0,"4":0,"5":0,"6":0,"7":0,"8":0,"9":0,"10":0,"11":0,"12":0,"13":0,"14":0,"15":0,"16":0,"17":0,"18":0,"19":0},"b":{"0":[0,0],"1":[0],"2":[0],"3":[0,0],"4":[0,0],"5":[0,0],"6":[0,0],"7":[0,0],"8":[0,0],"9":[0,0,0],"10":[0,0],"11":[0,0],"12":[0,0],"13":[0,0],"14":[0,0],"15":[0,0],"16":[0,0]},"_coverageSchema":"1a1c01bbd47fc00a2c39e90264f33305004495a9","hash":"a7f07933c76297dd799ca47e4b5724ac45e0389c"}
,"/home/runner/work/caravan/caravan/apps/coordinator/src/components/BitcoinIcon.tsx": {"path":"/home/runner/work/caravan/caravan/apps/coordinator/src/components/BitcoinIcon.tsx","statementMap":{"0":{"start":{"line":13,"column":20},"end":{"line":34,"column":1}},"1":{"start":{"line":14,"column":2},"end":{"line":33,"column":12}}},"fnMap":{"0":{"name":"(anonymous_0)","decl":{"start":{"line":13,"column":20},"end":{"line":13,"column":21}},"loc":{"start":{"line":14,"column":2},"end":{"line":33,"column":12}},"line":14}},"branchMap":{"0":{"loc":{"start":{"line":13,"column":23},"end":{"line":13,"column":48}},"type":"default-arg","locations":[{"start":{"line":13,"column":33},"end":{"line":13,"column":48}}],"line":13},"1":{"loc":{"start":{"line":16,"column":15},"end":{"line":16,"column":62}},"type":"cond-expr","locations":[{"start":{"line":16,"column":45},"end":{"line":16,"column":53}},{"start":{"line":16,"column":56},"end":{"line":16,"column":62}}],"line":16}},"s":{"0":2,"1":5},"f":{"0":5},"b":{"0":[0],"1":[1,4]},"_coverageSchema":"1a1c01bbd47fc00a2c39e90264f33305004495a9","hash":"413eef0b0f012ac773af952b4ec8fba55a251eb0"}
,"/home/runner/work/caravan/caravan/apps/coordinator/src/components/EditableName.tsx": {"path":"/home/runner/work/caravan/caravan/apps/coordinator/src/components/EditableName.tsx","statementMap":{"0":{"start":{"line":11,"column":21},"end":{"line":113,"column":1}},"1":{"start":{"line":12,"column":32},"end":{"line":12,"column":47}},"2":{"start":{"line":13,"column":32},"end":{"line":13,"column":46}},"3":{"start":{"line":14,"column":28},"end":{"line":14,"column":40}},"4":{"start":{"line":16,"column":19},"end":{"line":18,"column":3}},"5":{"start":{"line":17,"column":4},"end":{"line":17,"column":24}},"6":{"start":{"line":20,"column":23},"end":{"line":26,"column":3}},"7":{"start":{"line":23,"column":4},"end":{"line":23,"column":27}},"8":{"start":{"line":24,"column":4},"end":{"line":24,"column":21}},"9":{"start":{"line":25,"column":4},"end":{"line":25,"column":21}},"10":{"start":{"line":28,"column":23},"end":{"line":39,"column":3}},"11":{"start":{"line":29,"column":24},"end":{"line":29,"column":42}},"12":{"start":{"line":31,"column":4},"end":{"line":37,"column":5}},"13":{"start":{"line":36,"column":6},"end":{"line":36,"column":40}},"14":{"start":{"line":38,"column":4},"end":{"line":38,"column":28}},"15":{"start":{"line":41,"column":17},"end":{"line":44,"column":3}},"16":{"start":{"line":42,"column":4},"end":{"line":42,"column":29}},"17":{"start":{"line":43,"column":4},"end":{"line":43,"column":22}},"18":{"start":{"line":46,"column":17},"end":{"line":50,"column":3}},"19":{"start":{"line":47,"column":4},"end":{"line":47,"column":22}},"20":{"start":{"line":48,"column":4},"end":{"line":48,"column":21}},"21":{"start":{"line":49,"column":4},"end":{"line":49,"column":17}},"22":{"start":{"line":52,"column":29},"end":{"line":111,"column":3}},"23":{"start":{"line":53,"column":4},"end":{"line":95,"column":5}},"24":{"start":{"line":54,"column":6},"end":{"line":94,"column":8}},"25":{"start":{"line":64,"column":16},"end":{"line":64,"column":71}},"26":{"start":{"line":66,"column":33},"end":{"line":66,"column":68}},"27":{"start":{"line":96,"column":4},"end":{"line":110,"column":6}},"28":{"start":{"line":112,"column":2},"end":{"line":112,"column":30}}},"fnMap":{"0":{"name":"(anonymous_0)","decl":{"start":{"line":11,"column":21},"end":{"line":11,"column":22}},"loc":{"start":{"line":11,"column":71},"end":{"line":113,"column":1}},"line":11},"1":{"name":"(anonymous_1)","decl":{"start":{"line":16,"column":19},"end":{"line":16,"column":20}},"loc":{"start":{"line":16,"column":25},"end":{"line":18,"column":3}},"line":16},"2":{"name":"(anonymous_2)","decl":{"start":{"line":20,"column":23},"end":{"line":20,"column":24}},"loc":{"start":{"line":22,"column":7},"end":{"line":26,"column":3}},"line":22},"3":{"name":"(anonymous_3)","decl":{"start":{"line":28,"column":23},"end":{"line":28,"column":24}},"loc":{"start":{"line":28,"column":71},"end":{"line":39,"column":3}},"line":28},"4":{"name":"(anonymous_4)","decl":{"start":{"line":41,"column":17},"end":{"line":41,"column":18}},"loc":{"start":{"line":41,"column":23},"end":{"line":44,"column":3}},"line":41},"5":{"name":"(anonymous_5)","decl":{"start":{"line":46,"column":17},"end":{"line":46,"column":18}},"loc":{"start":{"line":46,"column":23},"end":{"line":50,"column":3}},"line":46},"6":{"name":"(anonymous_6)","decl":{"start":{"line":52,"column":29},"end":{"line":52,"column":30}},"loc":{"start":{"line":52,"column":35},"end":{"line":111,"column":3}},"line":52},"7":{"name":"(anonymous_7)","decl":{"start":{"line":63,"column":23},"end":{"line":63,"column":24}},"loc":{"start":{"line":63,"column":34},"end":{"line":65,"column":15}},"line":63},"8":{"name":"(anonymous_8)","decl":{"start":{"line":66,"column":25},"end":{"line":66,"column":26}},"loc":{"start":{"line":66,"column":33},"end":{"line":66,"column":68}},"line":66}},"branchMap":{"0":{"loc":{"start":{"line":31,"column":4},"end":{"line":37,"column":5}},"type":"if","locations":[{"start":{"line":31,"column":4},"end":{"line":37,"column":5}},{"start":{},"end":{}}],"line":31},"1":{"loc":{"start":{"line":32,"column":6},"end":{"line":34,"column":24}},"type":"binary-expr","locations":[{"start":{"line":32,"column":6},"end":{"line":32,"column":26}},{"start":{"line":33,"column":6},"end":{"line":33,"column":31}},{"start":{"line":34,"column":6},"end":{"line":34,"column":24}}],"line":32},"2":{"loc":{"start":{"line":53,"column":4},"end":{"line":95,"column":5}},"type":"if","locations":[{"start":{"line":53,"column":4},"end":{"line":95,"column":5}},{"start":{},"end":{}}],"line":53},"3":{"loc":{"start":{"line":66,"column":33},"end":{"line":66,"column":68}},"type":"cond-expr","locations":[{"start":{"line":66,"column":53},"end":{"line":66,"column":61}},{"start":{"line":66,"column":64},"end":{"line":66,"column":68}}],"line":66}},"s":{"0":2,"1":20,"2":20,"3":20,"4":20,"5":18,"6":20,"7":6,"8":6,"9":6,"10":20,"11":3,"12":3,"13":1,"14":3,"15":20,"16":1,"17":1,"18":20,"19":1,"20":1,"21":1,"22":20,"23":20,"24":9,"25":6,"26":0,"27":11,"28":20},"f":{"0":20,"1":18,"2":6,"3":3,"4":1,"5":1,"6":20,"7":6,"8":0},"b":{"0":[1,2],"1":[3,3,3],"2":[9,11],"3":[0,0]},"_coverageSchema":"1a1c01bbd47fc00a2c39e90264f33305004495a9","hash":"d021bcfaeddd477ce0daff4dd5c2140760b70f3b"}
,"/home/runner/work/caravan/caravan/apps/coordinator/src/components/theme.js": {"path":"/home/runner/work/caravan/caravan/apps/coordinator/src/components/theme.js","statementMap":{"0":{"start":{"line":3,"column":14},"end":{"line":12,"column":2}}},"fnMap":{},"branchMap":{},"s":{"0":1},"f":{},"b":{},"_coverageSchema":"1a1c01bbd47fc00a2c39e90264f33305004495a9","hash":"b69be778978fbc2e34883889f1cc92163ff4fad4"}
,"/home/runner/work/caravan/caravan/apps/coordinator/src/components/Wallet/WalletInfoCard.jsx": {"path":"/home/runner/work/caravan/caravan/apps/coordinator/src/components/Wallet/WalletInfoCard.jsx","statementMap":{"0":{"start":{"line":11,"column":18},"end":{"line":27,"column":3}},"1":{"start":{"line":11,"column":41},"end":{"line":27,"column":1}},"2":{"start":{"line":29,"column":23},"end":{"line":97,"column":1}},"3":{"start":{"line":37,"column":18},"end":{"line":37,"column":29}},"4":{"start":{"line":38,"column":2},"end":{"line":96,"column":4}},"5":{"start":{"line":99,"column":0},"end":{"line":106,"column":2}},"6":{"start":{"line":108,"column":0},"end":{"line":112,"column":2}}},"fnMap":{"0":{"name":"(anonymous_0)","decl":{"start":{"line":11,"column":29},"end":{"line":11,"column":30}},"loc":{"start":{"line":11,"column":41},"end":{"line":27,"column":1}},"line":11},"1":{"name":"(anonymous_1)","decl":{"start":{"line":29,"column":23},"end":{"line":29,"column":24}},"loc":{"start":{"line":36,"column":6},"end":{"line":97,"column":1}},"line":36}},"branchMap":{"0":{"loc":{"start":{"line":32,"column":2},"end":{"line":32,"column":13}},"type":"default-arg","locations":[{"start":{"line":32,"column":12},"end":{"line":32,"column":13}}],"line":32},"1":{"loc":{"start":{"line":42,"column":11},"end":{"line":92,"column":11}},"type":"cond-expr","locations":[{"start":{"line":43,"column":12},"end":{"line":47,"column":19}},{"start":{"line":49,"column":12},"end":{"line":91,"column":15}}],"line":42},"2":{"loc":{"start":{"line":72,"column":21},"end":{"line":87,"column":21}},"type":"cond-expr","locations":[{"start":{"line":73,"column":22},"end":{"line":84,"column":25}},{"start":{"line":86,"column":22},"end":{"line":86,"column":24}}],"line":72},"3":{"loc":{"start":{"line":76,"column":35},"end":{"line":76,"column":71}},"type":"cond-expr","locations":[{"start":{"line":76,"column":56},"end":{"line":76,"column":63}},{"start":{"line":76,"column":66},"end":{"line":76,"column":71}}],"line":76},"4":{"loc":{"start":{"line":80,"column":27},"end":{"line":80,"column":56}},"type":"cond-expr","locations":[{"start":{"line":80,"column":48},"end":{"line":80,"column":51}},{"start":{"line":80,"column":54},"end":{"line":80,"column":56}}],"line":80}},"s":{"0":1,"1":4,"2":1,"3":4,"4":4,"5":1,"6":1},"f":{"0":4,"1":4},"b":{"0":[0],"1":[1,3],"2":[1,2],"3":[1,0],"4":[1,0]},"_coverageSchema":"1a1c01bbd47fc00a2c39e90264f33305004495a9","hash":"d856c46c425eb7baf57e8641aec00838862aaa17"}
,"/home/runner/work/caravan/caravan/apps/coordinator/src/reducers/transactionReducer.js": {"path":"/home/runner/work/caravan/caravan/apps/coordinator/src/reducers/transactionReducer.js","statementMap":{"0":{"start":{"line":54,"column":12},"end":{"line":54,"column":32}},"1":{"start":{"line":55,"column":12},"end":{"line":55,"column":32}},"2":{"start":{"line":56,"column":2},"end":{"line":58,"column":3}},"3":{"start":{"line":57,"column":4},"end":{"line":57,"column":14}},"4":{"start":{"line":59,"column":2},"end":{"line":61,"column":3}},"5":{"start":{"line":60,"column":4},"end":{"line":60,"column":13}},"6":{"start":{"line":62,"column":2},"end":{"line":64,"column":3}},"7":{"start":{"line":63,"column":4},"end":{"line":63,"column":14}},"8":{"start":{"line":65,"column":2},"end":{"line":67,"column":3}},"9":{"start":{"line":66,"column":4},"end":{"line":66,"column":13}},"10":{"start":{"line":68,"column":2},"end":{"line":68,"column":11}},"11":{"start":{"line":71,"column":34},"end":{"line":77,"column":2}},"12":{"start":{"line":71,"column":41},"end":{"line":77,"column":1}},"13":{"start":{"line":79,"column":28},"end":{"line":79,"column":56}},"14":{"start":{"line":79,"column":34},"end":{"line":79,"column":56}},"15":{"start":{"line":81,"column":28},"end":{"line":112,"column":2}},"16":{"start":{"line":81,"column":35},"end":{"line":112,"column":1}},"17":{"start":{"line":115,"column":26},"end":{"line":118,"column":3}},"18":{"start":{"line":116,"column":28},"end":{"line":116,"column":62}},"19":{"start":{"line":119,"column":2},"end":{"line":122,"column":5}},"20":{"start":{"line":126,"column":2},"end":{"line":130,"column":4}},"21":{"start":{"line":128,"column":6},"end":{"line":128,"column":70}},"22":{"start":{"line":134,"column":2},"end":{"line":143,"column":4}},"23":{"start":{"line":147,"column":19},"end":{"line":147,"column":31}},"24":{"start":{"line":148,"column":21},"end":{"line":148,"column":23}},"25":{"start":{"line":149,"column":2},"end":{"line":157,"column":3}},"26":{"start":{"line":149,"column":15},"end":{"line":149,"column":16}},"27":{"start":{"line":150,"column":4},"end":{"line":154,"column":5}},"28":{"start":{"line":151,"column":6},"end":{"line":151,"column":43}},"29":{"start":{"line":152,"column":11},"end":{"line":154,"column":5}},"30":{"start":{"line":153,"column":6},"end":{"line":153,"column":37}},"31":{"start":{"line":155,"column":4},"end":{"line":156,"column":38}},"32":{"start":{"line":156,"column":6},"end":{"line":156,"column":38}},"33":{"start":{"line":158,"column":2},"end":{"line":164,"column":4}},"34":{"start":{"line":168,"column":24},"end":{"line":168,"column":36}},"35":{"start":{"line":171,"column":23},"end":{"line":171,"column":55}},"36":{"start":{"line":176,"column":4},"end":{"line":179,"column":10}},"37":{"start":{"line":183,"column":4},"end":{"line":185,"column":10}},"38":{"start":{"line":187,"column":2},"end":{"line":192,"column":5}},"39":{"start":{"line":196,"column":20},"end":{"line":196,"column":32}},"40":{"start":{"line":197,"column":18},"end":{"line":197,"column":47}},"41":{"start":{"line":198,"column":19},"end":{"line":198,"column":62}},"42":{"start":{"line":200,"column":2},"end":{"line":204,"column":5}},"43":{"start":{"line":208,"column":21},"end":{"line":208,"column":63}},"44":{"start":{"line":209,"column":2},"end":{"line":215,"column":4}},"45":{"start":{"line":219,"column":21},"end":{"line":219,"column":39}},"46":{"start":{"line":220,"column":18},"end":{"line":220,"column":30}},"47":{"start":{"line":221,"column":14},"end":{"line":221,"column":53}},"48":{"start":{"line":222,"column":2},"end":{"line":234,"column":3}},"49":{"start":{"line":223,"column":4},"end":{"line":233,"column":5}},"50":{"start":{"line":224,"column":23},"end":{"line":224,"column":24}},"51":{"start":{"line":228,"column":20},"end":{"line":228,"column":44}},"52":{"start":{"line":229,"column":6},"end":{"line":232,"column":7}},"53":{"start":{"line":230,"column":8},"end":{"line":230,"column":61}},"54":{"start":{"line":231,"column":8},"end":{"line":231,"column":14}},"55":{"start":{"line":235,"column":2},"end":{"line":248,"column":3}},"56":{"start":{"line":236,"column":4},"end":{"line":247,"column":5}},"57":{"start":{"line":237,"column":24},"end":{"line":237,"column":25}},"58":{"start":{"line":241,"column":6},"end":{"line":246,"column":7}},"59":{"start":{"line":242,"column":8},"end":{"line":245,"column":9}},"60":{"start":{"line":243,"column":10},"end":{"line":243,"column":46}},"61":{"start":{"line":244,"column":10},"end":{"line":244,"column":16}},"62":{"start":{"line":249,"column":2},"end":{"line":249,"column":50}},"63":{"start":{"line":250,"column":2},"end":{"line":250,"column":53}},"64":{"start":{"line":251,"column":2},"end":{"line":254,"column":4}},"65":{"start":{"line":258,"column":21},"end":{"line":258,"column":39}},"66":{"start":{"line":259,"column":2},"end":{"line":259,"column":56}},"67":{"start":{"line":260,"column":2},"end":{"line":263,"column":4}},"68":{"start":{"line":267,"column":21},"end":{"line":267,"column":39}},"69":{"start":{"line":268,"column":15},"end":{"line":268,"column":27}},"70":{"start":{"line":269,"column":21},"end":{"line":269,"column":58}},"71":{"start":{"line":270,"column":14},"end":{"line":270,"column":69}},"72":{"start":{"line":272,"column":2},"end":{"line":273,"column":15}},"73":{"start":{"line":273,"column":4},"end":{"line":273,"column":15}},"74":{"start":{"line":274,"column":2},"end":{"line":274,"column":76}},"75":{"start":{"line":274,"column":65},"end":{"line":274,"column":76}},"76":{"start":{"line":276,"column":13},"end":{"line":276,"column":35}},"77":{"start":{"line":277,"column":2},"end":{"line":277,"column":47}},"78":{"start":{"line":277,"column":14},"end":{"line":277,"column":47}},"79":{"start":{"line":279,"column":2},"end":{"line":279,"column":48}},"80":{"start":{"line":280,"column":2},"end":{"line":280,"column":52}},"81":{"start":{"line":281,"column":2},"end":{"line":281,"column":69}},"82":{"start":{"line":282,"column":2},"end":{"line":285,"column":4}},"83":{"start":{"line":292,"column":21},"end":{"line":292,"column":23}},"84":{"start":{"line":293,"column":2},"end":{"line":313,"column":3}},"85":{"start":{"line":294,"column":17},"end":{"line":299,"column":5}},"86":{"start":{"line":300,"column":17},"end":{"line":300,"column":48}},"87":{"start":{"line":301,"column":4},"end":{"line":303,"column":6}},"88":{"start":{"line":304,"column":4},"end":{"line":304,"column":35}},"89":{"start":{"line":308,"column":4},"end":{"line":312,"column":6}},"90":{"start":{"line":314,"column":2},"end":{"line":317,"column":4}},"91":{"start":{"line":321,"column":2},"end":{"line":324,"column":5}},"92":{"start":{"line":328,"column":22},"end":{"line":328,"column":44}},"93":{"start":{"line":329,"column":2},"end":{"line":329,"column":48}},"94":{"start":{"line":330,"column":2},"end":{"line":330,"column":45}},"95":{"start":{"line":334,"column":2},"end":{"line":339,"column":5}},"96":{"start":{"line":343,"column":17},"end":{"line":350,"column":4}},"97":{"start":{"line":351,"column":2},"end":{"line":351,"column":79}},"98":{"start":{"line":352,"column":2},"end":{"line":352,"column":49}},"99":{"start":{"line":353,"column":2},"end":{"line":353,"column":18}},"100":{"start":{"line":357,"column":17},"end":{"line":357,"column":29}},"101":{"start":{"line":359,"column":2},"end":{"line":371,"column":3}},"102":{"start":{"line":361,"column":18},"end":{"line":361,"column":73}},"103":{"start":{"line":367,"column":4},"end":{"line":370,"column":6}},"104":{"start":{"line":372,"column":18},"end":{"line":372,"column":65}},"105":{"start":{"line":373,"column":26},"end":{"line":373,"column":55}},"106":{"start":{"line":374,"column":2},"end":{"line":390,"column":3}},"107":{"start":{"line":375,"column":17},"end":{"line":375,"column":78}},"108":{"start":{"line":377,"column":4},"end":{"line":385,"column":5}},"109":{"start":{"line":378,"column":6},"end":{"line":378,"column":47}},"110":{"start":{"line":380,"column":6},"end":{"line":380,"column":66}},"111":{"start":{"line":381,"column":21},"end":{"line":381,"column":65}},"112":{"start":{"line":382,"column":6},"end":{"line":384,"column":11}},"113":{"start":{"line":386,"column":4},"end":{"line":389,"column":6}},"114":{"start":{"line":391,"column":17},"end":{"line":391,"column":63}},"115":{"start":{"line":393,"column":2},"end":{"line":400,"column":3}},"116":{"start":{"line":394,"column":4},"end":{"line":399,"column":6}},"117":{"start":{"line":402,"column":2},"end":{"line":405,"column":4}},"118":{"start":{"line":409,"column":2},"end":{"line":466,"column":3}},"119":{"start":{"line":411,"column":6},"end":{"line":411,"column":50}},"120":{"start":{"line":413,"column":6},"end":{"line":413,"column":59}},"121":{"start":{"line":415,"column":6},"end":{"line":415,"column":63}},"122":{"start":{"line":417,"column":6},"end":{"line":417,"column":50}},"123":{"start":{"line":419,"column":6},"end":{"line":419,"column":64}},"124":{"start":{"line":421,"column":6},"end":{"line":421,"column":62}},"125":{"start":{"line":423,"column":6},"end":{"line":423,"column":59}},"126":{"start":{"line":425,"column":6},"end":{"line":425,"column":69}},"127":{"start":{"line":427,"column":6},"end":{"line":427,"column":49}},"128":{"start":{"line":429,"column":6},"end":{"line":429,"column":69}},"129":{"start":{"line":431,"column":6},"end":{"line":431,"column":68}},"130":{"start":{"line":433,"column":6},"end":{"line":433,"column":64}},"131":{"start":{"line":435,"column":6},"end":{"line":435,"column":62}},"132":{"start":{"line":437,"column":6},"end":{"line":437,"column":63}},"133":{"start":{"line":439,"column":6},"end":{"line":439,"column":59}},"134":{"start":{"line":441,"column":6},"end":{"line":441,"column":44}},"135":{"start":{"line":443,"column":6},"end":{"line":443,"column":46}},"136":{"start":{"line":445,"column":6},"end":{"line":445,"column":32}},"137":{"start":{"line":447,"column":6},"end":{"line":447,"column":56}},"138":{"start":{"line":449,"column":6},"end":{"line":449,"column":52}},"139":{"start":{"line":451,"column":6},"end":{"line":451,"column":42}},"140":{"start":{"line":453,"column":6},"end":{"line":453,"column":61}},"141":{"start":{"line":455,"column":6},"end":{"line":455,"column":45}},"142":{"start":{"line":457,"column":6},"end":{"line":457,"column":65}},"143":{"start":{"line":459,"column":6},"end":{"line":459,"column":48}},"144":{"start":{"line":461,"column":6},"end":{"line":461,"column":64}},"145":{"start":{"line":463,"column":6},"end":{"line":463,"column":64}},"146":{"start":{"line":465,"column":6},"end":{"line":465,"column":19}}},"fnMap":{"0":{"name":"sortInputs","decl":{"start":{"line":53,"column":9},"end":{"line":53,"column":19}},"loc":{"start":{"line":53,"column":26},"end":{"line":69,"column":1}},"line":53},"1":{"name":"(anonymous_1)","decl":{"start":{"line":71,"column":34},"end":{"line":71,"column":35}},"loc":{"start":{"line":71,"column":41},"end":{"line":77,"column":1}},"line":71},"2":{"name":"(anonymous_2)","decl":{"start":{"line":79,"column":28},"end":{"line":79,"column":29}},"loc":{"start":{"line":79,"column":34},"end":{"line":79,"column":56}},"line":79},"3":{"name":"(anonymous_3)","decl":{"start":{"line":81,"column":28},"end":{"line":81,"column":29}},"loc":{"start":{"line":81,"column":35},"end":{"line":112,"column":1}},"line":81},"4":{"name":"updateInputs","decl":{"start":{"line":114,"column":9},"end":{"line":114,"column":21}},"loc":{"start":{"line":114,"column":37},"end":{"line":123,"column":1}},"line":114},"5":{"name":"(anonymous_5)","decl":{"start":{"line":116,"column":4},"end":{"line":116,"column":5}},"loc":{"start":{"line":116,"column":28},"end":{"line":116,"column":62}},"line":116},"6":{"name":"calcOutputTotalSats","decl":{"start":{"line":125,"column":9},"end":{"line":125,"column":28}},"loc":{"start":{"line":125,"column":36},"end":{"line":131,"column":1}},"line":125},"7":{"name":"(anonymous_7)","decl":{"start":{"line":127,"column":4},"end":{"line":127,"column":5}},"loc":{"start":{"line":128,"column":6},"end":{"line":128,"column":70}},"line":128},"8":{"name":"setFeeForRate","decl":{"start":{"line":133,"column":9},"end":{"line":133,"column":22}},"loc":{"start":{"line":133,"column":51},"end":{"line":144,"column":1}},"line":133},"9":{"name":"deleteOutput","decl":{"start":{"line":146,"column":9},"end":{"line":146,"column":21}},"loc":{"start":{"line":146,"column":37},"end":{"line":165,"column":1}},"line":146},"10":{"name":"updateFeeRate","decl":{"start":{"line":167,"column":9},"end":{"line":167,"column":22}},"loc":{"start":{"line":167,"column":38},"end":{"line":193,"column":1}},"line":167},"11":{"name":"updateFee","decl":{"start":{"line":195,"column":9},"end":{"line":195,"column":18}},"loc":{"start":{"line":195,"column":34},"end":{"line":205,"column":1}},"line":195},"12":{"name":"addOutput","decl":{"start":{"line":207,"column":9},"end":{"line":207,"column":18}},"loc":{"start":{"line":207,"column":26},"end":{"line":216,"column":1}},"line":207},"13":{"name":"updateOutputAddress","decl":{"start":{"line":218,"column":9},"end":{"line":218,"column":28}},"loc":{"start":{"line":218,"column":44},"end":{"line":255,"column":1}},"line":218},"14":{"name":"updateOutputMultisig","decl":{"start":{"line":257,"column":9},"end":{"line":257,"column":29}},"loc":{"start":{"line":257,"column":45},"end":{"line":264,"column":1}},"line":257},"15":{"name":"updateOutputAmount","decl":{"start":{"line":266,"column":9},"end":{"line":266,"column":27}},"loc":{"start":{"line":266,"column":43},"end":{"line":286,"column":1}},"line":266},"16":{"name":"finalizeOutputs","decl":{"start":{"line":288,"column":9},"end":{"line":288,"column":24}},"loc":{"start":{"line":288,"column":40},"end":{"line":318,"column":1}},"line":288},"17":{"name":"updateRequiredSigners","decl":{"start":{"line":320,"column":9},"end":{"line":320,"column":30}},"loc":{"start":{"line":320,"column":46},"end":{"line":325,"column":1}},"line":320},"18":{"name":"updateSigningKey","decl":{"start":{"line":327,"column":9},"end":{"line":327,"column":25}},"loc":{"start":{"line":327,"column":41},"end":{"line":331,"column":1}},"line":327},"19":{"name":"outputInitialStateForMode","decl":{"start":{"line":333,"column":9},"end":{"line":333,"column":34}},"loc":{"start":{"line":333,"column":42},"end":{"line":340,"column":1}},"line":333},"20":{"name":"resetTransactionState","decl":{"start":{"line":342,"column":9},"end":{"line":342,"column":30}},"loc":{"start":{"line":342,"column":38},"end":{"line":354,"column":1}},"line":342},"21":{"name":"validateTransaction","decl":{"start":{"line":356,"column":9},"end":{"line":356,"column":28}},"loc":{"start":{"line":356,"column":36},"end":{"line":406,"column":1}},"line":356},"22":{"name":"(anonymous_22)","decl":{"start":{"line":361,"column":6},"end":{"line":361,"column":7}},"loc":{"start":{"line":361,"column":18},"end":{"line":361,"column":73}},"line":361},"23":{"name":"(anonymous_23)","decl":{"start":{"line":408,"column":15},"end":{"line":408,"column":16}},"loc":{"start":{"line":408,"column":51},"end":{"line":467,"column":1}},"line":408}},"branchMap":{"0":{"loc":{"start":{"line":56,"column":2},"end":{"line":58,"column":3}},"type":"if","locations":[{"start":{"line":56,"column":2},"end":{"line":58,"column":3}},{"start":{},"end":{}}],"line":56},"1":{"loc":{"start":{"line":59,"column":2},"end":{"line":61,"column":3}},"type":"if","locations":[{"start":{"line":59,"column":2},"end":{"line":61,"column":3}},{"start":{},"end":{}}],"line":59},"2":{"loc":{"start":{"line":62,"column":2},"end":{"line":64,"column":3}},"type":"if","locations":[{"start":{"line":62,"column":2},"end":{"line":64,"column":3}},{"start":{},"end":{}}],"line":62},"3":{"loc":{"start":{"line":65,"column":2},"end":{"line":67,"column":3}},"type":"if","locations":[{"start":{"line":65,"column":2},"end":{"line":67,"column":3}},{"start":{},"end":{}}],"line":65},"4":{"loc":{"start":{"line":128,"column":56},"end":{"line":128,"column":67}},"type":"binary-expr","locations":[{"start":{"line":128,"column":56},"end":{"line":128,"column":62}},{"start":{"line":128,"column":66},"end":{"line":128,"column":67}}],"line":128},"5":{"loc":{"start":{"line":150,"column":4},"end":{"line":154,"column":5}},"type":"if","locations":[{"start":{"line":150,"column":4},"end":{"line":154,"column":5}},{"start":{"line":152,"column":11},"end":{"line":154,"column":5}}],"line":150},"6":{"loc":{"start":{"line":152,"column":11},"end":{"line":154,"column":5}},"type":"if","locations":[{"start":{"line":152,"column":11},"end":{"line":154,"column":5}},{"start":{},"end":{}}],"line":152},"7":{"loc":{"start":{"line":155,"column":4},"end":{"line":156,"column":38}},"type":"if","locations":[{"start":{"line":155,"column":4},"end":{"line":156,"column":38}},{"start":{},"end":{}}],"line":155},"8":{"loc":{"start":{"line":176,"column":4},"end":{"line":179,"column":10}},"type":"cond-expr","locations":[{"start":{"line":178,"column":8},"end":{"line":178,"column":65}},{"start":{"line":179,"column":8},"end":{"line":179,"column":10}}],"line":176},"9":{"loc":{"start":{"line":176,"column":4},"end":{"line":177,"column":57}},"type":"binary-expr","locations":[{"start":{"line":176,"column":4},"end":{"line":176,"column":25}},{"start":{"line":177,"column":4},"end":{"line":177,"column":57}}],"line":176},"10":{"loc":{"start":{"line":183,"column":4},"end":{"line":185,"column":10}},"type":"cond-expr","locations":[{"start":{"line":184,"column":8},"end":{"line":184,"column":40}},{"start":{"line":185,"column":8},"end":{"line":185,"column":10}}],"line":183},"11":{"loc":{"start":{"line":222,"column":2},"end":{"line":234,"column":3}},"type":"if","locations":[{"start":{"line":222,"column":2},"end":{"line":234,"column":3}},{"start":{},"end":{}}],"line":222},"12":{"loc":{"start":{"line":229,"column":6},"end":{"line":232,"column":7}},"type":"if","locations":[{"start":{"line":229,"column":6},"end":{"line":232,"column":7}},{"start":{},"end":{}}],"line":229},"13":{"loc":{"start":{"line":229,"column":10},"end":{"line":229,"column":62}},"type":"binary-expr","locations":[{"start":{"line":229,"column":10},"end":{"line":229,"column":24}},{"start":{"line":229,"column":28},"end":{"line":229,"column":62}}],"line":229},"14":{"loc":{"start":{"line":235,"column":2},"end":{"line":248,"column":3}},"type":"if","locations":[{"start":{"line":235,"column":2},"end":{"line":248,"column":3}},{"start":{},"end":{}}],"line":235},"15":{"loc":{"start":{"line":241,"column":6},"end":{"line":246,"column":7}},"type":"if","locations":[{"start":{"line":241,"column":6},"end":{"line":246,"column":7}},{"start":{},"end":{}}],"line":241},"16":{"loc":{"start":{"line":242,"column":8},"end":{"line":245,"column":9}},"type":"if","locations":[{"start":{"line":242,"column":8},"end":{"line":245,"column":9}},{"start":{},"end":{}}],"line":242},"17":{"loc":{"start":{"line":272,"column":2},"end":{"line":273,"column":15}},"type":"if","locations":[{"start":{"line":272,"column":2},"end":{"line":273,"column":15}},{"start":{},"end":{}}],"line":272},"18":{"loc":{"start":{"line":272,"column":6},"end":{"line":272,"column":72}},"type":"binary-expr","locations":[{"start":{"line":272,"column":6},"end":{"line":272,"column":20}},{"start":{"line":272,"column":24},"end":{"line":272,"column":72}}],"line":272},"19":{"loc":{"start":{"line":274,"column":2},"end":{"line":274,"column":76}},"type":"if","locations":[{"start":{"line":274,"column":2},"end":{"line":274,"column":76}},{"start":{},"end":{}}],"line":274},"20":{"loc":{"start":{"line":274,"column":6},"end":{"line":274,"column":63}},"type":"binary-expr","locations":[{"start":{"line":274,"column":6},"end":{"line":274,"column":20}},{"start":{"line":274,"column":24},"end":{"line":274,"column":63}}],"line":274},"21":{"loc":{"start":{"line":277,"column":2},"end":{"line":277,"column":47}},"type":"if","locations":[{"start":{"line":277,"column":2},"end":{"line":277,"column":47}},{"start":{},"end":{}}],"line":277},"22":{"loc":{"start":{"line":281,"column":45},"end":{"line":281,"column":68}},"type":"cond-expr","locations":[{"start":{"line":281,"column":53},"end":{"line":281,"column":55}},{"start":{"line":281,"column":58},"end":{"line":281,"column":68}}],"line":281},"23":{"loc":{"start":{"line":359,"column":2},"end":{"line":371,"column":3}},"type":"if","locations":[{"start":{"line":359,"column":2},"end":{"line":371,"column":3}},{"start":{},"end":{}}],"line":359},"24":{"loc":{"start":{"line":360,"column":4},"end":{"line":365,"column":32}},"type":"binary-expr","locations":[{"start":{"line":360,"column":4},"end":{"line":362,"column":5}},{"start":{"line":363,"column":4},"end":{"line":363,"column":28}},{"start":{"line":364,"column":4},"end":{"line":364,"column":32}},{"start":{"line":365,"column":4},"end":{"line":365,"column":32}}],"line":360},"25":{"loc":{"start":{"line":361,"column":18},"end":{"line":361,"column":73}},"type":"binary-expr","locations":[{"start":{"line":361,"column":18},"end":{"line":361,"column":44}},{"start":{"line":361,"column":48},"end":{"line":361,"column":73}}],"line":361},"26":{"loc":{"start":{"line":374,"column":2},"end":{"line":390,"column":3}},"type":"if","locations":[{"start":{"line":374,"column":2},"end":{"line":390,"column":3}},{"start":{},"end":{}}],"line":374},"27":{"loc":{"start":{"line":377,"column":4},"end":{"line":385,"column":5}},"type":"if","locations":[{"start":{"line":377,"column":4},"end":{"line":385,"column":5}},{"start":{"line":379,"column":11},"end":{"line":385,"column":5}}],"line":377},"28":{"loc":{"start":{"line":381,"column":21},"end":{"line":381,"column":65}},"type":"cond-expr","locations":[{"start":{"line":381,"column":42},"end":{"line":381,"column":52}},{"start":{"line":381,"column":55},"end":{"line":381,"column":65}}],"line":381},"29":{"loc":{"start":{"line":393,"column":2},"end":{"line":400,"column":3}},"type":"if","locations":[{"start":{"line":393,"column":2},"end":{"line":400,"column":3}},{"start":{},"end":{}}],"line":393},"30":{"loc":{"start":{"line":408,"column":16},"end":{"line":408,"column":38}},"type":"default-arg","locations":[{"start":{"line":408,"column":24},"end":{"line":408,"column":38}}],"line":408},"31":{"loc":{"start":{"line":409,"column":2},"end":{"line":466,"column":3}},"type":"switch","locations":[{"start":{"line":410,"column":4},"end":{"line":411,"column":50}},{"start":{"line":412,"column":4},"end":{"line":413,"column":59}},{"start":{"line":414,"column":4},"end":{"line":415,"column":63}},{"start":{"line":416,"column":4},"end":{"line":417,"column":50}},{"start":{"line":418,"column":4},"end":{"line":419,"column":64}},{"start":{"line":420,"column":4},"end":{"line":421,"column":62}},{"start":{"line":422,"column":4},"end":{"line":423,"column":59}},{"start":{"line":424,"column":4},"end":{"line":425,"column":69}},{"start":{"line":426,"column":4},"end":{"line":427,"column":49}},{"start":{"line":428,"column":4},"end":{"line":429,"column":69}},{"start":{"line":430,"column":4},"end":{"line":431,"column":68}},{"start":{"line":432,"column":4},"end":{"line":433,"column":64}},{"start":{"line":434,"column":4},"end":{"line":435,"column":62}},{"start":{"line":436,"column":4},"end":{"line":437,"column":63}},{"start":{"line":438,"column":4},"end":{"line":439,"column":59}},{"start":{"line":440,"column":4},"end":{"line":441,"column":44}},{"start":{"line":442,"column":4},"end":{"line":443,"column":46}},{"start":{"line":444,"column":4},"end":{"line":445,"column":32}},{"start":{"line":446,"column":4},"end":{"line":447,"column":56}},{"start":{"line":448,"column":4},"end":{"line":449,"column":52}},{"start":{"line":450,"column":4},"end":{"line":451,"column":42}},{"start":{"line":452,"column":4},"end":{"line":453,"column":61}},{"start":{"line":454,"column":4},"end":{"line":455,"column":45}},{"start":{"line":456,"column":4},"end":{"line":457,"column":65}},{"start":{"line":458,"column":4},"end":{"line":459,"column":48}},{"start":{"line":460,"column":4},"end":{"line":461,"column":64}},{"start":{"line":462,"column":4},"end":{"line":463,"column":64}},{"start":{"line":464,"column":4},"end":{"line":465,"column":19}}],"line":409}},"s":{"0":0,"1":0,"2":0,"3":0,"4":0,"5":0,"6":0,"7":0,"8":0,"9":0,"10":0,"11":1,"12":13,"13":1,"14":3,"15":1,"16":2,"17":1,"18":1,"19":1,"20":0,"21":0,"22":3,"23":1,"24":1,"25":1,"26":1,"27":2,"28":1,"29":1,"30":0,"31":2,"32":0,"33":1,"34":1,"35":1,"36":1,"37":1,"38":1,"39":1,"40":1,"41":1,"42":1,"43":1,"44":1,"45":3,"46":3,"47":3,"48":3,"49":2,"50":2,"51":1,"52":1,"53":1,"54":1,"55":3,"56":1,"57":1,"58":1,"59":1,"60":1,"61":1,"62":3,"63":3,"64":3,"65":0,"66":0,"67":0,"68":1,"69":1,"70":1,"71":1,"72":1,"73":0,"74":1,"75":0,"76":1,"77":1,"78":0,"79":1,"80":1,"81":1,"82":1,"83":1,"84":1,"85":1,"86":0,"87":0,"88":0,"89":1,"90":1,"91":7,"92":0,"93":0,"94":0,"95":1,"96":0,"97":0,"98":0,"99":0,"100":9,"101":9,"102":8,"103":9,"104":0,"105":0,"106":0,"107":0,"108":0,"109":0,"110":0,"111":0,"112":0,"113":0,"114":0,"115":0,"116":0,"117":0,"118":28,"119":1,"120":1,"121":1,"122":7,"123":6,"124":1,"125":1,"126":0,"127":0,"128":3,"129":1,"130":0,"131":1,"132":1,"133":1,"134":1,"135":1,"136":0,"137":1,"138":0,"139":0,"140":0,"141":0,"142":0,"143":0,"144":0,"145":0,"146":0},"f":{"0":0,"1":13,"2":3,"3":2,"4":1,"5":1,"6":0,"7":0,"8":3,"9":1,"10":1,"11":1,"12":1,"13":3,"14":0,"15":1,"16":1,"17":7,"18":0,"19":1,"20":0,"21":9,"22":8,"23":28},"b":{"0":[0,0],"1":[0,0],"2":[0,0],"3":[0,0],"4":[0,0],"5":[1,1],"6":[0,1],"7":[0,2],"8":[1,0],"9":[1,0],"10":[1,0],"11":[2,1],"12":[1,0],"13":[1,1],"14":[1,2],"15":[1,0],"16":[1,0],"17":[0,1],"18":[1,0],"19":[0,1],"20":[1,0],"21":[0,1],"22":[0,1],"23":[9,0],"24":[9,4,0,0],"25":[8,3],"26":[0,0],"27":[0,0],"28":[0,0],"29":[0,0],"30":[0],"31":[1,1,1,7,6,1,1,0,0,3,1,0,1,1,1,1,1,0,1,0,0,0,0,0,0,0,0,0]},"_coverageSchema":"1a1c01bbd47fc00a2c39e90264f33305004495a9","hash":"e0b72713e0b933383193b30b4aa001ea6f491228"}
,"/home/runner/work/caravan/caravan/apps/coordinator/src/reducers/utils.js": {"path":"/home/runner/work/caravan/caravan/apps/coordinator/src/reducers/utils.js","statementMap":{"0":{"start":{"line":2,"column":2},"end":{"line":5,"column":4}}},"fnMap":{"0":{"name":"updateState","decl":{"start":{"line":1,"column":9},"end":{"line":1,"column":20}},"loc":{"start":{"line":1,"column":36},"end":{"line":6,"column":1}},"line":1}},"branchMap":{},"s":{"0":21},"f":{"0":21},"b":{},"_coverageSchema":"1a1c01bbd47fc00a2c39e90264f33305004495a9","hash":"ee717eb210675a8f8277e69d87a299c5fefc7e06"}
,"/home/runner/work/caravan/caravan/apps/coordinator/src/selectors/wallet.js": {"path":"/home/runner/work/caravan/caravan/apps/coordinator/src/selectors/wallet.js","statementMap":{"0":{"start":{"line":5,"column":25},"end":{"line":5,"column":78}},"1":{"start":{"line":5,"column":36},"end":{"line":5,"column":78}},"2":{"start":{"line":6,"column":24},"end":{"line":9,"column":1}},"3":{"start":{"line":6,"column":35},"end":{"line":9,"column":1}},"4":{"start":{"line":11,"column":23},"end":{"line":11,"column":60}},"5":{"start":{"line":11,"column":34},"end":{"line":11,"column":60}},"6":{"start":{"line":12,"column":19},"end":{"line":12,"column":52}},"7":{"start":{"line":12,"column":30},"end":{"line":12,"column":52}},"8":{"start":{"line":13,"column":24},"end":{"line":13,"column":62}},"9":{"start":{"line":13,"column":35},"end":{"line":13,"column":62}},"10":{"start":{"line":14,"column":27},"end":{"line":14,"column":68}},"11":{"start":{"line":14,"column":38},"end":{"line":14,"column":68}},"12":{"start":{"line":15,"column":32},"end":{"line":15,"column":78}},"13":{"start":{"line":15,"column":43},"end":{"line":15,"column":78}},"14":{"start":{"line":16,"column":22},"end":{"line":16,"column":63}},"15":{"start":{"line":16,"column":33},"end":{"line":16,"column":63}},"16":{"start":{"line":17,"column":22},"end":{"line":17,"column":63}},"17":{"start":{"line":17,"column":33},"end":{"line":17,"column":63}},"18":{"start":{"line":18,"column":38},"end":{"line":19,"column":41}},"19":{"start":{"line":19,"column":2},"end":{"line":19,"column":41}},"20":{"start":{"line":20,"column":35},"end":{"line":21,"column":39}},"21":{"start":{"line":21,"column":2},"end":{"line":21,"column":39}},"22":{"start":{"line":22,"column":25},"end":{"line":34,"column":1}},"23":{"start":{"line":23,"column":2},"end":{"line":30,"column":3}},"24":{"start":{"line":24,"column":4},"end":{"line":29,"column":5}},"25":{"start":{"line":31,"column":2},"end":{"line":33,"column":5}},"26":{"start":{"line":36,"column":43},"end":{"line":61,"column":1}},"27":{"start":{"line":37,"column":41},"end":{"line":37,"column":53}},"28":{"start":{"line":38,"column":36},"end":{"line":38,"column":70}},"29":{"start":{"line":40,"column":4},"end":{"line":42,"column":43}},"30":{"start":{"line":44,"column":4},"end":{"line":46,"column":41}},"31":{"start":{"line":47,"column":2},"end":{"line":60,"column":9}},"32":{"start":{"line":63,"column":40},"end":{"line":74,"column":1}},"33":{"start":{"line":64,"column":23},"end":{"line":64,"column":45}},"34":{"start":{"line":65,"column":46},"end":{"line":65,"column":48}},"35":{"start":{"line":66,"column":2},"end":{"line":72,"column":3}},"36":{"start":{"line":66,"column":15},"end":{"line":66,"column":16}},"37":{"start":{"line":67,"column":4},"end":{"line":71,"column":6}},"38":{"start":{"line":73,"column":2},"end":{"line":73,"column":56}},"39":{"start":{"line":80,"col
[...]
,"/home/runner/work/caravan/caravan/apps/coordinator/src/utils/slices.js": {"path":"/home/runner/work/caravan/caravan/apps/coordinator/src/utils/slices.js","statementMap":{"0":{"start":{"line":3,"column":20},"end":{"line":3,"column":57}},"1":{"start":{"line":3,"column":32},"end":{"line":3,"column":56}},"2":{"start":{"line":13,"column":2},"end":{"line":14,"column":63}},"3":{"start":{"line":14,"column":4},"end":{"line":14,"column":63}},"4":{"start":{"line":16,"column":20},"end":{"line":16,"column":41}},"5":{"start":{"line":18,"column":2},"end":{"line":18,"column":46}},"6":{"start":{"line":18,"column":29},"end":{"line":18,"column":46}},"7":{"start":{"line":19,"column":2},"end":{"line":19,"column":47}},"8":{"start":{"line":19,"column":29},"end":{"line":19,"column":47}},"9":{"start":{"line":20,"column":15},"end":{"line":20,"column":64}},"10":{"start":{"line":21,"column":15},"end":{"line":21,"column":64}},"11":{"start":{"line":22,"column":2},"end":{"line":22,"column":46}},"12":{"start":{"line":33,"column":2},"end":{"line":34,"column":60}},"13":{"start":{"line":34,"column":4},"end":{"line":34,"column":60}},"14":{"start":{"line":36,"column":20},"end":{"line":36,"column":41}},"15":{"start":{"line":38,"column":2},"end":{"line":38,"column":55}},"16":{"start":{"line":38,"column":46},"end":{"line":38,"column":55}},"17":{"start":{"line":39,"column":2},"end":{"line":39,"column":77}},"18":{"start":{"line":50,"column":2},"end":{"line":51,"column":63}},"19":{"start":{"line":51,"column":4},"end":{"line":51,"column":63}},"20":{"start":{"line":52,"column":20},"end":{"line":52,"column":41}},"21":{"start":{"line":53,"column":2},"end":{"line":53,"column":50}},"22":{"start":{"line":53,"column":41},"end":{"line":53,"column":50}},"23":{"start":{"line":54,"column":2},"end":{"line":54,"column":66}},"24":{"start":{"line":66,"column":20},"end":{"line":66,"column":41}},"25":{"start":{"line":67,"column":2},"end":{"line":67,"column":67}},"26":{"start":{"line":67,"column":58},"end":{"line":67,"column":67}},"27":{"start":{"line":70,"column":2},"end":{"line":71,"column":73}},"28":{"start":{"line":71,"column":4},"end":{"line":71,"column":73}},"29":{"start":{"line":72,"column":2},"end":{"line":73,"column":73}},"30":{"start":{"line":73,"column":4},"end":{"line":73,"column":73}},"31":{"start":{"line":76,"column":2},"end":{"line":79,"column":3}},"32":{"start":{"line":77,"column":4},"end":{"line":77,"column":52}},"33":{"start":{"line":77,"column":43},"end":{"line":77,"column":52}},"34":{"start":{"line":78,"column":4},"end":{"line":78,"column":69}},"35":{"start":{"line":81,"column":2},"end":{"line":83,"column":3}},"36":{"start":{"line":82,"column":4},"end":{"line":82,"column":21}},"37":{"start":{"line":85,"column":2},"end":{"line":87,"column":3}},"38":{"start":{"line":86,"column":4},"end":{"line":86,"column":22}},"39":{"start":{"line":89,"column":2},"end":{"line":91,"column":3}},"40":{"start":{"line":90,"column":4},"end":{"line":90,"column":48}},"41":{"start":{"line":92,"column":2},"end":{"line":94,"column":3}},"42":{"start":{"line":93,"column":4},"end":{"line":93,"column":49}},"43":{"start":{"line":95,"column":15},"end":{"line":95,"column":60}},"44":{"start":{"line":95,"column":49},"end":{"line":95,"column":58}},"45":{"start":{"line":96,"column":15},"end":{"line":96,"column":60}},"46":{"start":{"line":96,"column":49},"end":{"line":96,"column":58}},"47":{"start":{"line":98,"column":2},"end":{"line":98,"column":64}},"48":{"start":{"line":98,"column":55},"end":{"line":98,"column":64}},"49":{"start":{"line":99,"column":2},"end":{"line":99,"column":43}},"50":{"start":{"line":99,"column":26},"end":{"line":99,"column":43}},"51":{"start":{"line":100,"column":2},"end":{"line":100,"column":44}},"52":{"start":{"line":100,"column":26},"end":{"line":100,"column":44}},"53":{"start":{"line":101,"column":2},"end":{"line":101,"column":46}},"54":{"start":{"line":107,"column":23},"end":{"line":107,"column":51}},"55":{"start":{"line":108,"column":2},"end":{"line":113,"column":16}},"56":{"start":{"line":113,"column":4},"end":{"line":113,"column":16}},"57":{"start":{"line":117,"column":27},"end":{"line":117,"column":44}},"58":{"start":{"line":118,"column":18},"end":{"line":118,"column":56}},"59":{"start":{"line":121,"column":2},"end":{"line":125,"column":3}},"60":{"start":{"line":124,"column":4},"end":{"line":124,"column":42}},"61":{"start":{"line":124,"column":29},"end":{"line":124,"column":42}},"62":{"start":{"line":129,"column":2},"end":{"line":129,"column":71}},"63":{"start":{"line":129,"column":59},"end":{"line":129,"column":71}},"64":{"start":{"line":130,"column":2},"end":{"line":130,"column":15}}},"fnMap":{"0":{"name":"(anonymous_0)","decl":{"start":{"line":3,"column":20},"end":{"line":3,"column":21}},"loc":{"start":{"line":3,"column":32},"end":{"line":3,"column":56}},"line":3},"1":{"name":"compareSlicesByPath","decl":{"start":{"line":12,"column":16},"end":{"line":12,"column":35}},"loc":{"start":{"line":12,"column":60},"end":{"line":23,"column":1}},"line":12},"2":{"name":"compareSlicesByBalance","decl":{"start":{"line":32,"column":16},"end":{"line":32,"column":38}},"loc":{"start":{"line":32,"column":63},"end":{"line":40,"column":1}},"line":32},"3":{"name":"compareSlicesByUTXOCount","decl":{"start":{"line":49,"column":16},"end":{"line":49,"column":40}},"loc":{"start":{"line":49,"column":65},"end":{"line":55,"column":1}},"line":49},"4":{"name":"compareSlicesByTime","decl":{"start":{"line":65,"column":16},"end":{"line":65,"column":35}},"loc":{"start":{"line":65,"column":60},"end":{"line":102,"column":1}},"line":65},"5":{"name":"(anonymous_5)","decl":{"start":{"line":95,"column":39},"end":{"line":95,"column":40}},"loc":{"start":{"line":95,"column":49},"end":{"line":95,"column":58}},"line":95},"6":{"name":"(anonymous_6)","decl":{"start":{"line":96,"column":39},"end":{"line":96,"column":40}},"loc":{"start":{"line":96,"column":49},"end":{"line":96,"column":58}},"line":96},"7":{"name":"isChange","decl":{"start":{"line":104,"column":16},"end":{"line":104,"column":24}},"loc":{"start":{"line":104,"column":31},"end":{"line":131,"column":1}},"line":104}},"branchMap":{"0":{"loc":{"start":{"line":3,"column":32},"end":{"line":3,"column":56}},"type":"cond-expr","locations":[{"start":{"line":3,"column":50},"end":{"line":3,"column":52}},{"start":{"line":3,"column":55},"end":{"line":3,"column":56}}],"line":3},"1":{"loc":{"start":{"line":12,"column":42},"end":{"line":12,"column":58}},"type":"default-arg","locations":[{"start":{"line":12,"column":53},"end":{"line":12,"column":58}}],"line":12},"2":{"loc":{"start":{"line":13,"column":2},"end":{"line":14,"column":63}},"type":"if","locations":[{"start":{"line":13,"column":2},"end":{"line":14,"column":63}},{"start":{},"end":{}}],"line":13},"3":{"loc":{"start":{"line":13,"column":6},"end":{"line":13,"column":34}},"type":"binary-expr","locations":[{"start":{"line":13,"column":6},"end":{"line":13,"column":18}},{"start":{"line":13,"column":22},"end":{"line":13,"column":34}}],"line":13},"4":{"loc":{"start":{"line":18,"column":2},"end":{"line":18,"column":46}},"type":"if","locations":[{"start":{"line":18,"column":2},"end":{"line":18,"column":46}},{"start":{},"end":{}}],"line":18},"5":{"loc":{"start":{"line":18,"column":6},"end":{"line":18,"column":27}},"type":"binary-expr","locations":[{"start":{"line":18,"column":6},"end":{"line":18,"column":14}},{"start":{"line":18,"column":18},"end":{"line":18,"column":27}}],"line":18},"6":{"loc":{"start":{"line":19,"column":2},"end":{"line":19,"column":47}},"type":"if","locations":[{"start":{"line":19,"column":2},"end":{"line":19,"column":47}},{"start":{},"end":{}}],"line":19},"7":{"loc":{"start":{"line":19,"column":6},"end":{"line":19,"column":27}},"type":"binary-expr","locations":[{"start":{"line":19,"column":6},"end":{"line":19,"column":15}},{"start":{"line":19,"column":19},"end":{"line":19,"column":27}}],"line":19},"8":{"loc":{"start":{"line":22,"column":9},"end":{"line":22,"column":45}},"type":"cond-expr","locations":[{"start":{"line":22,"column":23},"end":{"line":22,"column":32}},{"start":{"line":22,"column":35},"end":{"line":22,"column":45}}],"line":22},"9":{"loc":{"start":{"line":32,"column":45},"end":{"line":32,"column":61}},"type":"default-arg","locations":[{"start":{"line":32,"column":56},"end":{"line":32,"column":61}}],"line":32},"10":{"loc":{"start":{"line":33,"column":2},"end":{"line":34,"column":60}},"type":"if","locations":[{"start":{"line":33,"column":2},"end":{"line":34,"column":60}},{"start":{},"end":{}}],"line":33},"11":{"loc":{"start":{"line":33,"column":6},"end":{"line":33,"column":38}},"type":"binary-expr","locations":[{"start":{"line":33,"column":6},"end":{"line":33,"column":20}},{"start":{"line":33,"column":24},"end":{"line":33,"column":38}}],"line":33},"12":{"loc":{"start":{"line":38,"column":2},"end":{"line":38,"column":55}},"type":"if","locations":[{"start":{"line":38,"column":2},"end":{"line":38,"column":55}},{"start":{},"end":{}}],"line":38},"13":{"loc":{"start":{"line":39,"column":9},"end":{"line":39,"column":76}},"type":"cond-expr","locations":[{"start":{"line":39,"column":54},"end":{"line":39,"column":63}},{"start":{"line":39,"column":66},"end":{"line":39,"column":76}}],"line":39},"14":{"loc":{"start":{"line":49,"column":47},"end":{"line":49,"column":63}},"type":"default-arg","locations":[{"start":{"line":49,"column":58},"end":{"line":49,"column":63}}],"line":49},"15":{"loc":{"start":{"line":50,"column":2},"end":{"line":51,"column":63}},"type":"if","locations":[{"start":{"line":50,"column":2},"end":{"line":51,"column":63}},{"start":{},"end":{}}],"line":50},"16":{"loc":{"start":{"line":50,"column":6},"end":{"line":50,"column":26}},"type":"binary-expr","locations":[{"start":{"line":50,"column":6},"end":{"line":50,"column":14}},{"start":{"line":50,"column":18},"end":{"line":50,"column":26}}],"line":50},"17":{"loc":{"start":{"line":53,"column":2},"end":{"line":53,"column":50}},"type":"if","locations":[{"start":{"line":53,"column":2},"end":{"line":53,"column":50}},{"start":{},"end":{}}],"line":53},"18":{"loc":{"start":{"line":54,"column":9},"end":{"line":54,"column":65}},"type":"cond-expr","locations":[{"start":{"line":54,"column":43},"end":{"line":54,"column":52}},{"start":{"line":54,"column":55},"end":{"line":54,"column":65}}],"line":54},"19":{"loc":{"start":{"line":65,"column":42},"end":{"line":65,"column":58}},"type":"default-arg","locations":[{"start":{"line":65,"column":53},"end":{"line":65,"column":58}}],"line":65},"20":{"loc":{"start":{"line":67,"column":2},"end":{"line":67,"column":67}},"type":"if","locations":[{"start":{"line":67,"column":2},"end":{"line":67,"column":67}},{"start":{},"end":{}}],"line":67},"21":{"loc":{"start":{"line":67,"column":6},"end":{"line":67,"column":56}},"type":"binary-expr","locations":[{"start":{"line":67,"column":6},"end":{"line":67,"column":14}},{"start":{"line":67,"column":18},"end":{"line":67,"column":26}},{"start":{"line":67,"column":30},"end":{"line":67,"column":41}},{"start":{"line":67,"column":45},"end":{"line":67,"column":56}}],"line":67},"22":{"loc":{"start":{"line":70,"column":2},"end":{"line":71,"column":73}},"type":"if","locations":[{"start":{"line":70,"column":2},"end":{"line":71,"column":73}},{"start":{},"end":{}}],"line":70},"23":{"loc":{"start":{"line":71,"column":11},"end":{"line":71,"column":72}},"type":"cond-expr","locations":[{"start":{"line":71,"column":50},"end":{"line":71,"column":60}},{"start":{"line":71,"column":63},"end":{"line":71,"column":72}}],"line":71},"24":{"loc":{"start":{"line":71,"column":11},"end":{"line":71,"column":47}},"type":"binary-expr","locations":[{"start":{"line":71,"column":11},"end":{"line":71,"column":21}},{"start":{"line":71,"column":25},"end":{"line":71,"column":47}}],"line":71},"25":{"loc":{"start":{"line":72,"column":2},"end":{"line":73,"column":73}},"type":"if","locations":[{"start":{"line":72,"column":2},"end":{"line":73,"column":73}},{"start":{},"end":{}}],"line":72},"26":{"loc":{"start":{"line":73,"column":11},"end":{"line":73,"column":72}},"type":"cond-expr","locations":[{"start":{"line":73,"column":50},"end":{"line":73,"column":59}},{"start":{"line":73,"column":62},"end":{"line":73,"column":72}}],"line":73},"27":{"loc":{"start":{"line":73,"column":11},"end":{"line":73,"column":47}},"type":"binary-expr","locations":[{"start":{"line":73,"column":11},"end":{"line":73,"column":21}},{"start":{"line":73,"column":25},"end":{"line":73,"column":47}}],"line":73},"28":{"loc":{"start":{"line":76,"column":2},"end":{"line":79,"column":3}},"type":"if","locations":[{"start":{"line":76,"column":2},"end":{"line":79,"column":3}},{"start":{},"end":{}}],"line":76},"29":{"loc":{"start":{"line":76,"column":6},"end":{"line":76,"column":38}},"type":"binary-expr","locations":[{"start":{"line":76,"column":6},"end":{"line":76,"column":20}},{"start":{"line":76,"column":24},"end":{"line":76,"column":38}}],"line":76},"30":{"loc":{"start":{"line":77,"column":4},"end":{"line":77,"column":52}},"type":"if","locations":[{"start":{"line":77,"column":4},"end":{"line":77,"column":52}},{"start":{},"end":{}}],"line":77},"31":{"loc":{"start":{"line":78,"column":11},"end":{"line":78,"column":68}},"type":"cond-expr","locations":[{"start":{"line":78,"column":46},"end":{"line":78,"column":55}},{"start":{"line":78,"column":58},"end":{"line":78,"column":68}}],"line":78},"32":{"loc":{"start":{"line":81,"column":2},"end":{"line":83,"column":3}},"type":"if","locations":[{"start":{"line":81,"column":2},"end":{"line":83,"column":3}},{"start":{},"end":{}}],"line":81},"33":{"loc":{"start":{"line":81,"column":6},"end":{"line":81,"column":65}},"type":"binary-expr","locations":[{"start":{"line":81,"column":6},"end":{"line":81,"column":20}},{"start":{"line":81,"column":25},"end":{"line":81,"column":40}},{"start":{"line":81,"column":44},"end":{"line":81,"column":64}}],"line":81},"34":{"loc":{"start":{"line":85,"column":2},"end":{"line":87,"column":3}},"type":"if","locations":[{"start":{"line":85,"column":2},"end":{"line":87,"column":3}},{"start":{},"end":{}}],"line":85},"35":{"loc":{"start":{"line":85,"column":6},"end":{"line":85,"column":65}},"type":"binary-expr","locations":[{"start":{"line":85,"column":6},"end":{"line":85,"column":20}},{"start":{"line":85,"column":25},"end":{"line":85,"column":40}},{"start":{"line":85,"column":44},"end":{"line":85,"column":64}}],"line":85},"36":{"loc":{"start":{"line":89,"column":2},"end":{"line":91,"column":3}},"type":"if","locations":[{"start":{"line":89,"column":2},"end":{"line":91,"column":3}},{"start":{},"end":{}}],"line":89},"37":{"loc":{"start":{"line":90,"column":11},"end":{"line":90,"column":47}},"type":"cond-expr","locations":[{"start":{"line":90,"column":34},"end":{"line":90,"column":35}},{"start":{"line":90,"column":38},"end":{"line":90,"column":47}}],"line":90},"38":{"loc":{"start":{"line":92,"column":2},"end":{"line":94,"column":3}},"type":"if","locations":[{"start":{"line":92,"column":2},"end":{"line":94,"column":3}},{"start":{},"end":{}}],"line":92},"39":{"loc":{"start":{"line":93,"column":11},"end":{"line":93,"column":48}},"type":"cond-expr","locations":[{"start":{"line":93,"column":34},"end":{"line":93,"column":35}},{"start":{"line":93,"column":38},"end":{"line":93,"column":48}}],"line":93},"40":{"loc":{"start":{"line":98,"column":2},"end":{"line":98,"column":64}},"type":"if","locations":[{"start":{"line":98,"column":2},"end":{"line":98,"column":64}},{"start":{},"end":{}}],"line":98},"41":{"loc":{"start":{"line":98,"column":6},"end":{"line":98,"column":53}},"type":"binary-expr","locations":[{"start":{"line":98,"column":6},"end":{"line":98,"column":24}},{"start":{"line":98,"column":28},"end":{"line":98,"column":53}}],"line":98},"42":{"loc":{"start":{"line":99,"column":2},"end":{"line":99,"column":43}},"type":"if","locations":[{"start":{"line":99,"column":2},"end":{"line":99,"column":43}},{"start":{},"end":{}}],"line":99},"43":{"loc":{"start":{"line":100,"column":2},"end":{"line":100,"column":44}},"type":"if","locations":[{"start":{"line":100,"column":2},"end":{"line":100,"column":44}},{"start":{},"end":{}}],"line":100},"44":{"loc":{"start":{"line":101,"column":9},"end":{"line":101,"column":45}},"type":"cond-expr","locations":[{"start":{"line":101,"column":23},"end":{"line":101,"column":32}},{"start":{"line":101,"column":35},"end":{"line":101,"column":45}}],"line":101},"45":{"loc":{"start":{"line":108,"column":2},"end":{"line":113,"column":16}},"type":"if","locations":[{"start":{"line":108,"column":2},"end":{"line":113,"column":16}},{"start":{},"end":{}}],"line":108},"46":{"loc":{"start":{"line":109,"column":4},"end":{"line":111,"column":49}},"type":"binary-expr","locations":[{"start":{"line":109,"column":4},"end":{"line":109,"column":57}},{"start":{"line":111,"column":4},"end":{"line":111,"column":49}}],"line":109},"47":{"loc":{"start":{"line":124,"column":4},"end":{"line":124,"column":42}},"type":"if","locations":[{"start":{"line":124,"column":4},"end":{"line":124,"column":42}},{"start":{},"end":{}}],"line":124},"48":{"loc":{"start":{"line":129,"column":2},"end":{"line":129,"column":71}},"type":"if","locations":[{"start":{"line":129,"column":2},"end":{"line":129,"column":71}},{"start":{},"end":{}}],"line":129},"49":{"loc":{"start":{"line":129,"column":6},"end":{"line":129,"column":57}},"type":"binary-expr","locations":[{"start":{"line":129,"column":6},"end":{"line":129,"column":33}},{"start":{"line":129,"column":37},"end":{"line":129,"column":57}}],"line":129}},"s":{"0":2,"1":15,"2":0,"3":0,"4":0,"5":0,"6":0,"7":0,"8":0,"9":0,"10":0,"11":0,"12":0,"13":0,"14":0,"15":0,"16":0,"17":0,"18":0,"19":0,"20":0,"21":0,"22":0,"23":0,"24":15,"25":15,"26":0,"27":15,"28":0,"29":15,"30":4,"31":11,"32":4,"33":1,"34":3,"35":7,"36":1,"37":6,"38":1,"39":5,"40":3,"41":2,"42":0,"43":2,"44":4,"45":2,"46":4,"47":2,"48":0,"49":2,"50":0,"51":2,"52":0,"53":2,"54":9,"55":9,"56":2,"57":7,"58":7,"59":7,"60":11,"61":1,"62":6,"63":1,"64":5},"f":{"0":15,"1":0,"2":0,"3":0,"4":15,"5":4,"6":4,"7":9},"b":{"0":[10,5],"1":[0],"2":[0,0],"3":[0,0],"4":[0,0],"5":[0,0],"6":[0,0],"7":[0,0],"8":[0,0],"9":[0],"10":[0,0],"11":[0,0],"12":[0,0],"13":[0,0],"14":[0],"15":[0,0],"16":[0,0],"17":[0,0],"18":[0,0],"19":[10],"20":[0,15],"21":[15,0,0,0],"22":[0,15],"23":[0,0],"24":[0,0],"25":[4,11],"26":[4,0],"27":[4,4],"28":[4,7],"29":[11,5],"30":[1,3],"31":[1,2],"32":[1,6],"33":[7,1,0],"34":[1,5],"35":[6,1,0],"36":[3,2],"37":[1,2],"38":[0,2],"39":[0,0],"40":[0,2],"41":[2,0],"42":[0,2],"43":[0,2],"44":[0,2],"45":[2,7],"46":[9,2],"47":[1,10],"48":[1,5],"49":[6,3]},"_coverageSchema":"1a1c01bbd47fc00a2c39e90264f33305004495a9","hash":"66ee1884922fbc11deee77e13c9c4b39cca4a316"}
,"/home/runner/work/caravan/caravan/apps/coordinator/src/utils/test-utils.js": {"path":"/home/runner/work/caravan/caravan/apps/coordinator/src/utils/test-utils.js","statementMap":{"0":{"start":{"line":8,"column":21},"end":{"line":9,"column":71}},"1":{"start":{"line":9,"column":2},"end":{"line":9,"column":71}}},"fnMap":{"0":{"name":"(anonymous_0)","decl":{"start":{"line":8,"column":21},"end":{"line":8,"column":22}},"loc":{"start":{"line":9,"column":2},"end":{"line":9,"column":71}},"line":9}},"branchMap":{},"s":{"0":3,"1":14},"f":{"0":14},"b":{},"_coverageSchema":"1a1c01bbd47fc00a2c39e90264f33305004495a9","hash":"fb1294a7792d9e3c2b24d104adfc10436798eef7"}
}
