TN:
SF:src/actions/errorNotificationActions.ts
FN:4,setErrorNotification
FN:11,clearErrorNotification
FNF:2
FNH:0
FNDA:0,setErrorNotification
FNDA:0,clearErrorNotification
DA:1,1
DA:2,1
DA:5,0
DA:12,0
LF:4
LH:2
BRF:0
BRH:0
end_of_record
TN:
SF:src/actions/settingsActions.js
FN:8,setNetwork
FN:15,setTotalSigners
FN:22,setRequiredSigners
FN:29,setStartingAddressIndex
FN:36,setAddressType
FN:43,setFrozen
FNF:6
FNH:0
FNDA:0,setNetwork
FNDA:0,setTotalSigners
FNDA:0,setRequiredSigners
FNDA:0,setStartingAddressIndex
FNDA:0,setAddressType
FNDA:0,setFrozen
DA:1,1
DA:2,1
DA:3,1
DA:4,1
DA:5,1
DA:6,1
DA:9,0
DA:16,0
DA:23,0
DA:30,0
DA:37,0
DA:44,0
LF:12
LH:6
BRF:0
BRH:0
end_of_record
TN:
SF:src/actions/transactionActions.js
FN:47,choosePerformSpend
FN:53,setRequiredSigners
FN:60,setTotalSigners
FN:67,setInputs
FN:74,addOutput
FN:80,setChangeOutputIndex
FN:87,setChangeOutputMultisig
FN:95,setOutputAddress
FN:103,setOutputAmount
FN:111,setChangeAddressAction
FN:118,setChangeOutput
FN:119,(anonymous_11)
FN:139,deleteOutput
FN:146,deleteChangeOutput
FN:147,(anonymous_14)
FN:155,setFeeRate
FN:162,setFee
FN:169,finalizeOutputs
FN:176,resetOutputs
FN:182,setBalanceError
FN:189,setUnsignedPSBT
FN:196,resetPSBT
FN:202,resetTransaction
FN:208,setTXID
FN:215,setIsWallet
FN:221,updateAutoSpendAction
FN:228,setSigningKey
FN:236,setSpendStep
FN:251,setMaxSpendOnOutput
FN:252,(anonymous_29)
FN:262,(anonymous_30)
FN:275,(anonymous_31)
FN:303,importPSBT
FN:304,(anonymous_33)
FN:322,(anonymous_34)
FN:325,(anonymous_35)
FN:332,(anonymous_36)
FN:333,(anonymous_37)
FN:359,(anonymous_38)
FN:389,importHermitPSBT
FN:390,(anonymous_40)
FN:417,importLegacyPSBT
FN:418,(anonymous_42)
FNF:43
FNH:0
FNDA:0,choosePerformSpend
FNDA:0,setRequiredSigners
FNDA:0,setTotalSigners
FNDA:0,setInputs
FNDA:0,addOutput
FNDA:0,setChangeOutputIndex
FNDA:0,setChangeOutputMultisig
FNDA:0,setOutputAddress
FNDA:0,setOutputAmount
FNDA:0,setChangeAddressAction
FNDA:0,setChangeOutput
FNDA:0,(anonymous_11)
FNDA:0,deleteOutput
FNDA:0,deleteChangeOutput
FNDA:0,(anonymous_14)
FNDA:0,setFeeRate
FNDA:0,setFee
FNDA:0,finalizeOutputs
FNDA:0,resetOutputs
FNDA:0,setBalanceError
FNDA:0,setUnsignedPSBT
FNDA:0,resetPSBT
FNDA:0,resetTransaction
FNDA:0,setTXID
FNDA:0,setIsWallet
FNDA:0,updateAutoSpendAction
FNDA:0,setSigningKey
FNDA:0,setSpendStep
FNDA:0,setMaxSpendOnOutput
FNDA:0,(anonymous_29)
FNDA:0,(anonymous_30)
FNDA:0,(anonymous_31)
FNDA:0,importPSBT
FNDA:0,(anonymous_33)
FNDA:0,(anonymous_34)
FNDA:0,(anonymous_35)
FNDA:0,(anonymous_36)
FNDA:0,(anonymous_37)
FNDA:0,(anonymous_38)
FNDA:0,importHermitPSBT
FNDA:0,(anonymous_40)
FNDA:0,importLegacyPSBT
FNDA:0,(anonymous_42)
DA:13,1
DA:15,1
DA:16,1
DA:18,1
DA:20,1
DA:21,1
DA:22,1
DA:23,1
DA:25,1
DA:26,1
DA:28,1
DA:29,1
DA:31,1
DA:32,1
DA:33,1
DA:34,1
DA:35,1
DA:36,1
DA:37,1
DA:38,1
DA:39,1
DA:40,1
DA:41,1
DA:42,1
DA:43,1
DA:44,1
DA:45,1
DA:48,0
DA:54,0
DA:61,0
DA:68,0
DA:75,0
DA:81,0
DA:88,0
DA:96,0
DA:104,0
DA:112,0
DA:119,0
DA:124,0
DA:128,0
DA:131,0
DA:132,0
DA:133,0
DA:134,0
DA:135,0
DA:140,0
DA:147,0
DA:148,0
DA:149,0
DA:151,0
DA:156,0
DA:163,0
DA:170,0
DA:177,0
DA:183,0
DA:190,0
DA:197,0
DA:203,0
DA:209,0
DA:216,0
DA:222,0
DA:229,0
DA:237,0
DA:252,0
DA:253,0
DA:254,0
DA:260,0
DA:261,0
DA:262,0
DA:265,0
DA:274,0
DA:276,0
DA:280,0
DA:289,0
DA:294,0
DA:299,0
DA:304,0
DA:305,0
DA:306,0
DA:307,0
DA:308,0
DA:309,0
DA:312,0
DA:313,0
DA:315,0
DA:316,0
DA:319,0
DA:320,0
DA:322,0
DA:324,0
DA:326,0
DA:327,0
DA:331,0
DA:332,0
DA:333,0
DA:334,0
DA:335,0
DA:336,0
DA:342,0
DA:347,0
DA:348,0
DA:350,0
DA:351,0
DA:356,0
DA:358,0
DA:359,0
DA:360,0
DA:361,0
DA:362,0
DA:363,0
DA:366,0
DA:367,0
DA:368,0
DA:370,0
DA:371,0
DA:374,0
DA:375,0
DA:376,0
DA:377,0
DA:378,0
DA:380,0
DA:390,0
DA:391,0
DA:392,0
DA:393,0
DA:394,0
DA:395,0
DA:398,0
DA:399,0
DA:401,0
DA:402,0
DA:405,0
DA:406,0
DA:418,0
DA:419,0
DA:420,0
DA:421,0
DA:422,0
DA:423,0
DA:425,0
LF:140
LH:27
BRDA:128,0,0,0
BRDA:128,0,1,0
BRDA:131,1,0,0
BRDA:131,1,1,0
BRDA:149,2,0,0
BRDA:149,2,1,0
BRDA:276,3,0,0
BRDA:276,3,1,0
BRDA:283,4,0,0
BRDA:283,4,1,0
BRDA:289,5,0,0
BRDA:289,5,1,0
BRDA:290,6,0,0
BRDA:290,6,1,0
BRDA:290,6,2,0
BRDA:308,7,0,0
BRDA:308,7,1,0
BRDA:312,8,0,0
BRDA:312,8,1,0
BRDA:315,9,0,0
BRDA:315,9,1,0
BRDA:335,10,0,0
BRDA:335,10,1,0
BRDA:347,11,0,0
BRDA:347,11,1,0
BRDA:350,12,0,0
BRDA:350,12,1,0
BRDA:362,13,0,0
BRDA:362,13,1,0
BRDA:366,14,0,0
BRDA:366,14,1,0
BRDA:394,15,0,0
BRDA:394,15,1,0
BRDA:398,16,0,0
BRDA:398,16,1,0
BRDA:401,17,0,0
BRDA:401,17,1,0
BRDA:422,18,0,0
BRDA:422,18,1,0
BRF:39
BRH:0
end_of_record
TN:
SF:src/actions/walletActions.js
FN:39,updateDepositSliceAction
FN:49,updateChangeSliceAction
FN:59,resetNodesSpend
FN:74,autoSelectCoins
FN:76,(anonymous_4)
FN:124,(anonymous_5)
FN:128,(anonymous_6)
FN:168,updateTxSlices
FN:174,(anonymous_8)
FN:187,(anonymous_9)
FN:216,(anonymous_10)
FN:263,(anonymous_11)
FN:294,setWalletModeAction
FN:301,updateWalletNameAction
FN:308,updateWalletUuidAction
FN:315,updateWalletPolicyRegistrationsAction
FN:325,resetWalletView
FN:331,resetWallet
FN:337,initialLoadComplete
FN:343,resetNodesFetchErrors
FNF:20
FNH:0
FNDA:0,updateDepositSliceAction
FNDA:0,updateChangeSliceAction
FNDA:0,resetNodesSpend
FNDA:0,autoSelectCoins
FNDA:0,(anonymous_4)
FNDA:0,(anonymous_5)
FNDA:0,(anonymous_6)
FNDA:0,updateTxSlices
FNDA:0,(anonymous_8)
FNDA:0,(anonymous_9)
FNDA:0,(anonymous_10)
FNDA:0,(anonymous_11)
FNDA:0,setWalletModeAction
FNDA:0,updateWalletNameAction
FNDA:0,updateWalletUuidAction
FNDA:0,updateWalletPolicyRegistrationsAction
FNDA:0,resetWalletView
FNDA:0,resetWallet
FNDA:0,initialLoadComplete
FNDA:0,resetNodesFetchErrors
DA:19,1
DA:20,1
DA:21,1
DA:22,1
DA:23,1
DA:24,1
DA:25,1
DA:26,1
DA:27,1
DA:28,1
DA:29,1
DA:30,1
DA:32,1
DA:40,0
DA:50,0
DA:60,0
DA:76,0
DA:87,0
DA:88,0
DA:89,0
DA:90,0
DA:96,0
DA:97,0
DA:106,0
DA:112,0
DA:121,0
DA:123,0
DA:124,0
DA:127,0
DA:128,0
DA:131,0
DA:136,0
DA:141,0
DA:148,0
DA:154,0
DA:156,0
DA:157,0
DA:174,0
DA:184,0
DA:187,0
DA:188,0
DA:189,0
DA:199,0
DA:203,0
DA:204,0
DA:208,0
DA:213,0
DA:216,0
DA:217,0
DA:221,0
DA:222,0
DA:224,0
DA:229,0
DA:230,0
DA:232,0
DA:241,0
DA:242,0
DA:243,0
DA:249,0
DA:250,0
DA:254,0
DA:261,0
DA:262,0
DA:263,0
DA:269,0
DA:270,0
DA:272,0
DA:273,0
DA:279,0
DA:286,0
DA:290,0
DA:295,0
DA:302,0
DA:309,0
DA:316,0
DA:326,0
DA:332,0
DA:338,0
DA:344,0
LF:79
LH:13
BRDA:121,0,0,0
BRDA:121,0,1,0
BRDA:170,1,0,0
BRDA:171,2,0,0
BRDA:203,3,0,0
BRDA:203,3,1,0
BRDA:203,4,0,0
BRDA:203,4,1,0
BRDA:221,5,0,0
BRDA:221,5,1,0
BRDA:221,6,0,0
BRDA:221,6,1,0
BRDA:243,7,0,0
BRDA:243,7,1,0
BRDA:249,8,0,0
BRDA:249,8,1,0
BRDA:249,9,0,0
BRDA:249,9,1,0
BRDA:249,9,2,0
BRDA:251,10,0,0
BRDA:251,10,1,0
BRDA:261,11,0,0
BRDA:261,11,1,0
BRDA:261,12,0,0
BRDA:261,12,1,0
BRDA:269,13,0,0
BRDA:269,13,1,0
BRDA:272,14,0,0
BRDA:272,14,1,0
BRDA:272,15,0,0
BRDA:272,15,1,0
BRDA:286,16,0,0
BRDA:286,16,1,0
BRF:33
BRH:0
end_of_record
TN:
SF:src/components/BitcoinIcon.tsx
FN:13,(anonymous_0)
FNF:1
FNH:1
FNDA:5,(anonymous_0)
DA:13,2
DA:14,5
LF:2
LH:2
BRDA:13,0,0,0
BRDA:16,1,0,1
BRDA:16,1,1,4
BRF:3
BRH:2
end_of_record
TN:
SF:src/components/EditableName.tsx
FN:11,(anonymous_0)
FN:16,(anonymous_1)
FN:20,(anonymous_2)
FN:28,(anonymous_3)
FN:41,(anonymous_4)
FN:46,(anonymous_5)
FN:52,(anonymous_6)
FN:63,(anonymous_7)
FN:66,(anonymous_8)
FNF:9
FNH:8
FNDA:20,(anonymous_0)
FNDA:18,(anonymous_1)
FNDA:6,(anonymous_2)
FNDA:3,(anonymous_3)
FNDA:1,(anonymous_4)
FNDA:1,(anonymous_5)
FNDA:20,(anonymous_6)
FNDA:6,(anonymous_7)
FNDA:0,(anonymous_8)
DA:11,2
DA:12,20
DA:13,20
DA:14,20
DA:16,20
DA:17,18
DA:20,20
DA:23,6
DA:24,6
DA:25,6
DA:28,20
DA:29,3
DA:31,3
DA:36,1
DA:38,3
DA:41,20
DA:42,1
DA:43,1
DA:46,20
DA:47,1
DA:48,1
DA:49,1
DA:52,20
DA:53,20
DA:54,9
DA:64,6
DA:66,0
DA:96,11
DA:112,20
LF:29
LH:28
BRDA:31,0,0,1
BRDA:31,0,1,2
BRDA:32,1,0,3
BRDA:32,1,1,3
BRDA:32,1,2,3
BRDA:53,2,0,9
BRDA:53,2,1,11
BRDA:66,3,0,0
BRDA:66,3,1,0
BRF:9
BRH:7
end_of_record
TN:
SF:src/components/theme.js
FNF:0
FNH:0
DA:3,1
LF:1
LH:1
BRF:0
BRH:0
end_of_record
TN:
SF:src/components/Wallet/WalletInfoCard.jsx
FN:11,(anonymous_0)
FN:29,(anonymous_1)
FNF:2
FNH:2
FNDA:4,(anonymous_0)
FNDA:4,(anonymous_1)
DA:11,4
DA:29,1
DA:37,4
DA:38,4
DA:99,1
DA:108,1
LF:6
LH:6
BRDA:32,0,0,0
BRDA:42,1,0,1
BRDA:42,1,1,3
BRDA:72,2,0,1
BRDA:72,2,1,2
BRDA:76,3,0,1
BRDA:76,3,1,0
BRDA:80,4,0,1
BRDA:80,4,1,0
BRF:9
BRH:6
end_of_record
TN:
SF:src/reducers/transactionReducer.js
FN:53,sortInputs
FN:71,(anonymous_1)
FN:79,(anonymous_2)
FN:81,(anonymous_3)
FN:114,updateInputs
FN:116,(anonymous_5)
FN:125,calcOutputTotalSats
FN:127,(anonymous_7)
FN:133,setFeeForRate
FN:146,deleteOutput
FN:167,updateFeeRate
FN:195,updateFee
FN:207,addOutput
FN:218,updateOutputAddress
FN:257,updateOutputMultisig
FN:266,updateOutputAmount
FN:288,finalizeOutputs
FN:320,updateRequiredSigners
FN:327,updateSigningKey
FN:333,outputInitialStateForMode
FN:342,resetTransactionState
FN:356,validateTransaction
FN:361,(anonymous_22)
FN:408,(anonymous_23)
FNF:24
FNH:18
FNDA:0,sortInputs
FNDA:13,(anonymous_1)
FNDA:3,(anonymous_2)
FNDA:2,(anonymous_3)
FNDA:1,updateInputs
FNDA:1,(anonymous_5)
FNDA:0,calcOutputTotalSats
FNDA:0,(anonymous_7)
FNDA:3,setFeeForRate
FNDA:1,deleteOutput
FNDA:1,updateFeeRate
FNDA:1,updateFee
FNDA:1,addOutput
FNDA:3,updateOutputAddress
FNDA:0,updateOutputMultisig
FNDA:1,updateOutputAmount
FNDA:1,finalizeOutputs
FNDA:7,updateRequiredSigners
FNDA:0,updateSigningKey
FNDA:1,outputInitialStateForMode
FNDA:0,resetTransactionState
FNDA:9,validateTransaction
FNDA:8,(anonymous_22)
FNDA:28,(anonymous_23)
DA:54,0
DA:55,0
DA:56,0
DA:57,0
DA:59,0
DA:60,0
DA:62,0
DA:63,0
DA:65,0
DA:66,0
DA:68,0
DA:71,13
DA:79,3
DA:81,2
DA:115,1
DA:116,1
DA:119,1
DA:126,0
DA:128,0
DA:134,3
DA:147,1
DA:148,1
DA:149,1
DA:150,2
DA:151,1
DA:152,1
DA:153,0
DA:155,2
DA:156,0
DA:158,1
DA:168,1
DA:171,1
DA:176,1
DA:183,1
DA:187,1
DA:196,1
DA:197,1
DA:198,1
DA:200,1
DA:208,1
DA:209,1
DA:219,3
DA:220,3
DA:221,3
DA:222,3
DA:223,2
DA:224,2
DA:228,1
DA:229,1
DA:230,1
DA:231,1
DA:235,3
DA:236,1
DA:237,1
DA:241,1
DA:242,1
DA:243,1
DA:244,1
DA:249,3
DA:250,3
DA:251,3
DA:258,0
DA:259,0
DA:260,0
DA:267,1
DA:268,1
DA:269,1
DA:270,1
DA:272,1
DA:273,0
DA:274,1
DA:276,1
DA:277,1
DA:279,1
DA:280,1
DA:281,1
DA:282,1
DA:292,1
DA:293,1
DA:294,1
DA:300,0
DA:301,0
DA:304,0
DA:308,1
DA:314,1
DA:321,7
DA:328,0
DA:329,0
DA:330,0
DA:334,1
DA:343,0
DA:351,0
DA:352,0
DA:353,0
DA:357,9
DA:359,9
DA:361,8
DA:367,9
DA:372,0
DA:373,0
DA:374,0
DA:375,0
DA:377,0
DA:378,0
DA:380,0
DA:381,0
DA:382,0
DA:386,0
DA:391,0
DA:393,0
DA:394,0
DA:402,0
DA:409,28
DA:411,1
DA:413,1
DA:415,1
DA:417,7
DA:419,6
DA:421,1
DA:423,1
DA:425,0
DA:427,0
DA:429,3
DA:431,1
DA:433,0
DA:435,1
DA:437,1
DA:439,1
DA:441,1
DA:443,1
DA:445,0
DA:447,1
DA:449,0
DA:451,0
DA:453,0
DA:455,0
DA:457,0
DA:459,0
DA:461,0
DA:463,0
DA:465,0
LF:141
LH:85
BRDA:56,0,0,0
BRDA:56,0,1,0
BRDA:59,1,0,0
BRDA:59,1,1,0
BRDA:62,2,0,0
BRDA:62,2,1,0
BRDA:65,3,0,0
BRDA:65,3,1,0
BRDA:128,4,0,0
BRDA:128,4,1,0
BRDA:150,5,0,1
BRDA:150,5,1,1
BRDA:152,6,0,0
BRDA:152,6,1,1
BRDA:155,7,0,0
BRDA:155,7,1,2
BRDA:176,8,0,1
BRDA:176,8,1,0
BRDA:176,9,0,1
BRDA:176,9,1,0
BRDA:183,10,0,1
BRDA:183,10,1,0
BRDA:222,11,0,2
BRDA:222,11,1,1
BRDA:229,12,0,1
BRDA:229,12,1,0
BRDA:229,13,0,1
BRDA:229,13,1,1
BRDA:235,14,0,1
BRDA:235,14,1,2
BRDA:241,15,0,1
BRDA:241,15,1,0
BRDA:242,16,0,1
BRDA:242,16,1,0
BRDA:272,17,0,0
BRDA:272,17,1,1
BRDA:272,18,0,1
BRDA:272,18,1,0
BRDA:274,19,0,0
BRDA:274,19,1,1
BRDA:274,20,0,1
BRDA:274,20,1,0
BRDA:277,21,0,0
BRDA:277,21,1,1
BRDA:281,22,0,0
BRDA:281,22,1,1
BRDA:359,23,0,9
BRDA:359,23,1,0
BRDA:360,24,0,9
BRDA:360,24,1,4
BRDA:360,24,2,0
BRDA:360,24,3,0
BRDA:361,25,0,8
BRDA:361,25,1,3
BRDA:374,26,0,0
BRDA:374,26,1,0
BRDA:377,27,0,0
BRDA:377,27,1,0
BRDA:381,28,0,0
BRDA:381,28,1,0
BRDA:393,29,0,0
BRDA:393,29,1,0
BRDA:408,30,0,0
BRDA:409,31,0,1
BRDA:409,31,1,1
BRDA:409,31,2,1
BRDA:409,31,3,7
BRDA:409,31,4,6
BRDA:409,31,5,1
BRDA:409,31,6,1
BRDA:409,31,7,0
BRDA:409,31,8,0
BRDA:409,31,9,3
BRDA:409,31,10,1
BRDA:409,31,11,0
BRDA:409,31,12,1
BRDA:409,31,13,1
BRDA:409,31,14,1
BRDA:409,31,15,1
BRDA:409,31,16,1
BRDA:409,31,17,0
BRDA:409,31,18,1
BRDA:409,31,19,0
BRDA:409,31,20,0
BRDA:409,31,21,0
BRDA:409,31,22,0
BRDA:409,31,23,0
BRDA:409,31,24,0
BRDA:409,31,25,0
BRDA:409,31,26,0
BRDA:409,31,27,0
BRF:91
BRH:42
end_of_record
TN:
SF:src/reducers/utils.js
FN:1,updateState
FNF:1
FNH:1
FNDA:21,updateState
DA:2,21
LF:1
LH:1
BRF:0
BRH:0
end_of_record
TN:
SF:src/selectors/wallet.js
FN:5,(anonymous_0)
FN:6,(anonymous_1)
FN:11,(anonymous_2)
FN:12,(anonymous_3)
FN:13,(anonymous_4)
FN:14,(anonymous_5)
FN:15,(anonymous_6)
FN:16,(anonymous_7)
FN:17,(anonymous_8)
FN:18,(anonymous_9)
FN:20,(anonymous_10)
FN:22,(anonymous_11)
FN:36,(anonymous_12)
FN:63,(anonymous_13)
FN:80,(anonymous_14)
FN:81,(anonymous_15)
FN:82,(anonymous_16)
FN:92,(anonymous_17)
FN:94,(anonymous_18)
FN:99,(anonymous_19)
FN:116,(anonymous_20)
FN:125,(anonymous_21)
FN:126,(anonymous_22)
FN:134,(anonymous_23)
FN:158,(anonymous_24)
FN:160,(anonymous_25)
FN:173,(anonymous_26)
FN:174,(anonymous_27)
FN:182,(anonymous_28)
FN:182,(anonymous_29)
FN:191,(anonymous_30)
FN:193,(anonymous_31)
FN:203,(anonymous_32)
FN:203,(anonymous_33)
FN:212,(anonymous_34)
FN:212,(anonymous_35)
FN:219,(anonymous_36)
FN:221,(anonymous_37)
FN:242,(anonymous_38)
FN:281,(anonymous_39)
FN:283,(anonymous_40)
FN:285,(anonymous_41)
FN:289,(anonymous_42)
FNF:43
FNH:14
FNDA:2,(anonymous_0)
FNDA:7,(anonymous_1)
FNDA:0,(anonymous_2)
FNDA:0,(anonymous_3)
FNDA:0,(anonymous_4)
FNDA:0,(anonymous_5)
FNDA:0,(anonymous_6)
FNDA:0,(anonymous_7)
FNDA:0,(anonymous_8)
FNDA:0,(anonymous_9)
FNDA:0,(anonymous_10)
FNDA:0,(anonymous_11)
FNDA:0,(anonymous_12)
FNDA:0,(anonymous_13)
FNDA:2,(anonymous_14)
FNDA:8,(anonymous_15)
FNDA:14,(anonymous_16)
FNDA:2,(anonymous_17)
FNDA:4,(anonymous_18)
FNDA:8,(anonymous_19)
FNDA:1,(anonymous_20)
FNDA:5,(anonymous_21)
FNDA:21,(anonymous_22)
FNDA:27,(anonymous_23)
FNDA:5,(anonymous_24)
FNDA:21,(anonymous_25)
FNDA:0,(anonymous_26)
FNDA:0,(anonymous_27)
FNDA:0,(anonymous_28)
FNDA:0,(anonymous_29)
FNDA:0,(anonymous_30)
FNDA:0,(anonymous_31)
FNDA:0,(anonymous_32)
FNDA:0,(anonymous_33)
FNDA:0,(anonymous_34)
FNDA:0,(anonymous_35)
FNDA:0,(anonymous_36)
FNDA:0,(anonymous_37)
FNDA:0,(anonymous_38)
FNDA:0,(anonymous_39)
FNDA:0,(anonymous_40)
FNDA:0,(anonymous_41)
FNDA:0,(anonymous_42)
DA:5,3
DA:6,7
DA:11,3
DA:12,3
DA:13,3
DA:14,3
DA:15,3
DA:16,3
DA:17,3
DA:18,3
DA:19,0
DA:20,3
DA:21,0
DA:22,3
DA:23,0
DA:24,0
DA:31,0
DA:36,3
DA:37,0
DA:38,0
DA:40,0
DA:44,0
DA:47,0
DA:63,3
DA:64,0
DA:65,0
DA:66,0
DA:67,0
DA:73,0
DA:80,3
DA:81,2
DA:82,8
DA:83,14
DA:85,8
DA:89,3
DA:94,2
DA:96,4
DA:99,4
DA:100,8
DA:101,6
DA:105,4
DA:114,3
DA:116,1
DA:123,3
DA:126,5
DA:127,21
DA:128,0
DA:131,21
DA:134,27
DA:138,12
DA:142,2
DA:143,10
DA:156,3
DA:159,5
DA:162,21
DA:173,3
DA:174,0
DA:180,3
DA:182,0
DA:189,3
DA:192,0
DA:193,0
DA:201,3
DA:203,0
DA:210,3
DA:212,0
DA:219,3
DA:220,0
DA:221,0
DA:229,3
DA:254,0
DA:273,3
DA:278,3
DA:282,0
DA:284,0
DA:285,0
DA:287,0
DA:289,0
LF:78
LH:48
BRDA:23,0,0,0
BRDA:23,0,1,0
BRDA:40,1,0,0
BRDA:40,1,1,0
BRDA:44,2,0,0
BRDA:44,2,1,0
BRDA:47,3,0,0
BRDA:47,3,1,0
BRDA:69,4,0,0
BRDA:69,4,1,0
BRDA:96,5,0,0
BRDA:96,5,1,4
BRDA:100,6,0,2
BRDA:100,6,1,6
BRDA:127,7,0,0
BRDA:127,7,1,21
BRDA:127,8,0,21
BRDA:127,8,1,9
BRDA:131,9,0,9
BRDA:131,9,1,12
BRDA:131,10,0,21
BRDA:131,10,1,9
BRDA:138,11,0,2
BRDA:138,11,1,10
BRDA:139,12,0,12
BRDA:139,12,1,10
BRDA:139,12,2,10
BRDA:162,13,0,21
BRDA:162,13,1,2
BRDA:162,13,2,20
BRDA:162,13,3,20
BRDA:174,14,0,0
BRDA:174,14,1,0
BRDA:193,15,0,0
BRDA:193,15,1,0
BRDA:221,16,0,0
BRDA:221,16,1,0
BRDA:252,17,0,0
BRF:38
BRH:19
end_of_record
TN:
SF:src/utils/WrapText.jsx
FN:3,wrapText
FNF:1
FNH:0
FNDA:0,wrapText
DA:4,0
DA:5,0
DA:6,0
DA:7,0
DA:8,0
DA:11,0
DA:12,0
DA:14,0
LF:8
LH:0
BRDA:9,0,0,0
BRDA:9,0,1,0
BRF:2
BRH:0
end_of_record
TN:
SF:src/utils/constants.js
FNF:0
FNH:0
DA:3,3
DA:4,3
DA:5,3
DA:6,3
DA:7,3
LF:5
LH:5
BRF:0
BRH:0
end_of_record
TN:
SF:src/utils/custom-test-queries.js
FN:7,(anonymous_0)
FN:10,(anonymous_1)
FN:12,(anonymous_2)
FNF:3
FNH:1
FNDA:36,(anonymous_0)
FNDA:0,(anonymous_1)
FNDA:0,(anonymous_2)
DA:7,3
DA:8,36
DA:10,3
DA:11,0
DA:12,3
DA:13,0
DA:21,3
LF:7
LH:5
BRF:0
BRH:0
end_of_record
TN:
SF:src/utils/fixtures.js
FN:11,getMockState
FN:72,(anonymous_1)
FN:74,(anonymous_2)
FN:79,(anonymous_3)
FN:81,(anonymous_4)
FNF:5
FNH:5
FNDA:8,getMockState
FNDA:16,(anonymous_1)
FNDA:28,(anonymous_2)
FNDA:16,(anonymous_3)
FNDA:20,(anonymous_4)
DA:17,8
DA:19,8
DA:26,8
DA:38,8
DA:72,8
DA:73,16
DA:74,28
DA:79,8
DA:80,16
DA:81,20
DA:85,8
LF:11
LH:11
BRDA:15,0,0,8
BRDA:16,1,0,8
BRDA:26,2,0,4
BRDA:26,2,1,4
BRDA:26,3,0,8
BRDA:26,3,1,8
BRF:6
BRH:6
end_of_record
TN:
SF:src/utils/index.js
FN:8,validatePositiveInteger
FN:28,downloadFile
FN:56,isSpendAll
FN:62,(anonymous_3)
FN:95,naiveCoinSelection
FN:98,(anonymous_5)
FN:111,(anonymous_6)
FNF:7
FNH:5
FNDA:0,validatePositiveInteger
FNDA:0,downloadFile
FNDA:30,isSpendAll
FNDA:54,(anonymous_3)
FNDA:6,naiveCoinSelection
FNDA:12,(anonymous_5)
FNDA:6,(anonymous_6)
DA:9,0
DA:14,0
DA:16,0
DA:17,0
DA:22,0
DA:25,0
DA:29,0
DA:30,0
DA:31,0
DA:33,0
DA:34,0
DA:35,0
DA:36,0
DA:37,0
DA:38,0
DA:57,30
DA:61,30
DA:62,30
DA:63,54
DA:66,30
DA:67,7
DA:72,23
DA:96,6
DA:97,6
DA:99,12
DA:110,6
DA:111,6
DA:115,6
DA:117,6
DA:120,6
DA:126,5
DA:129,5
DA:130,8
DA:131,8
DA:133,8
DA:134,21
DA:142,8
DA:145,8
DA:148,4
DA:153,4
DA:159,4
DA:160,4
DA:168,2
DA:169,2
DA:170,2
DA:173,1
DA:174,1
DA:180,5
LF:48
LH:33
BRDA:9,0,0,0
BRDA:9,0,1,0
BRDA:10,1,0,0
BRDA:10,1,1,0
BRDA:10,1,2,0
BRDA:17,2,0,0
BRDA:17,2,1,0
BRDA:18,3,0,0
BRDA:18,3,1,0
BRDA:18,3,2,0
BRDA:30,4,0,0
BRDA:30,4,1,0
BRDA:66,5,0,7
BRDA:66,5,1,23
BRDA:126,6,0,2
BRDA:126,6,1,3
BRDA:145,7,0,4
BRDA:145,7,1,4
BRDA:160,8,0,2
BRDA:160,8,1,2
BRDA:161,9,0,4
BRDA:161,9,1,3
BRDA:170,10,0,1
BRDA:170,10,1,1
BRF:24
BRH:12
end_of_record
TN:
SF:src/utils/slices.js
FN:3,(anonymous_0)
FN:12,compareSlicesByPath
FN:32,compareSlicesByBalance
FN:49,compareSlicesByUTXOCount
FN:65,compareSlicesByTime
FN:95,(anonymous_5)
FN:96,(anonymous_6)
FN:104,isChange
FNF:8
FNH:5
FNDA:15,(anonymous_0)
FNDA:0,compareSlicesByPath
FNDA:0,compareSlicesByBalance
FNDA:0,compareSlicesByUTXOCount
FNDA:15,compareSlicesByTime
FNDA:4,(anonymous_5)
FNDA:4,(anonymous_6)
FNDA:9,isChange
DA:3,15
DA:13,0
DA:14,0
DA:16,0
DA:18,0
DA:19,0
DA:20,0
DA:21,0
DA:22,0
DA:33,0
DA:34,0
DA:36,0
DA:38,0
DA:39,0
DA:50,0
DA:51,0
DA:52,0
DA:53,0
DA:54,0
DA:66,15
DA:67,15
DA:70,15
DA:71,0
DA:72,15
DA:73,4
DA:76,11
DA:77,4
DA:78,3
DA:81,7
DA:82,1
DA:85,6
DA:86,1
DA:89,5
DA:90,3
DA:92,2
DA:93,0
DA:95,4
DA:96,4
DA:98,2
DA:99,2
DA:100,2
DA:101,2
DA:107,9
DA:108,9
DA:113,2
DA:117,7
DA:118,7
DA:121,7
DA:124,11
DA:129,6
DA:130,5
LF:51
LH:31
BRDA:3,0,0,10
BRDA:3,0,1,5
BRDA:12,1,0,0
BRDA:13,2,0,0
BRDA:13,2,1,0
BRDA:13,3,0,0
BRDA:13,3,1,0
BRDA:18,4,0,0
BRDA:18,4,1,0
BRDA:18,5,0,0
BRDA:18,5,1,0
BRDA:19,6,0,0
BRDA:19,6,1,0
BRDA:19,7,0,0
BRDA:19,7,1,0
BRDA:22,8,0,0
BRDA:22,8,1,0
BRDA:32,9,0,0
BRDA:33,10,0,0
BRDA:33,10,1,0
BRDA:33,11,0,0
BRDA:33,11,1,0
BRDA:38,12,0,0
BRDA:38,12,1,0
BRDA:39,13,0,0
BRDA:39,13,1,0
BRDA:49,14,0,0
BRDA:50,15,0,0
BRDA:50,15,1,0
BRDA:50,16,0,0
BRDA:50,16,1,0
BRDA:53,17,0,0
BRDA:53,17,1,0
BRDA:54,18,0,0
BRDA:54,18,1,0
BRDA:65,19,0,10
BRDA:67,20,0,0
BRDA:67,20,1,15
BRDA:67,21,0,15
BRDA:67,21,1,0
BRDA:67,21,2,0
BRDA:67,21,3,0
BRDA:70,22,0,0
BRDA:70,22,1,15
BRDA:71,23,0,0
BRDA:71,23,1,0
BRDA:71,24,0,0
BRDA:71,24,1,0
BRDA:72,25,0,4
BRDA:72,25,1,11
BRDA:73,26,0,4
BRDA:73,26,1,0
BRDA:73,27,0,4
BRDA:73,27,1,4
BRDA:76,28,0,4
BRDA:76,28,1,7
BRDA:76,29,0,11
BRDA:76,29,1,5
BRDA:77,30,0,1
BRDA:77,30,1,3
BRDA:78,31,0,1
BRDA:78,31,1,2
BRDA:81,32,0,1
BRDA:81,32,1,6
BRDA:81,33,0,7
BRDA:81,33,1,1
BRDA:81,33,2,0
BRDA:85,34,0,1
BRDA:85,34,1,5
BRDA:85,35,0,6
BRDA:85,35,1,1
BRDA:85,35,2,0
BRDA:89,36,0,3
BRDA:89,36,1,2
BRDA:90,37,0,1
BRDA:90,37,1,2
BRDA:92,38,0,0
BRDA:92,38,1,2
BRDA:93,39,0,0
BRDA:93,39,1,0
BRDA:98,40,0,0
BRDA:98,40,1,2
BRDA:98,41,0,2
BRDA:98,41,1,0
BRDA:99,42,0,0
BRDA:99,42,1,2
BRDA:100,43,0,0
BRDA:100,43,1,2
BRDA:101,44,0,0
BRDA:101,44,1,2
BRDA:108,45,0,2
BRDA:108,45,1,7
BRDA:109,46,0,9
BRDA:109,46,1,2
BRDA:124,47,0,1
BRDA:124,47,1,10
BRDA:129,48,0,1
BRDA:129,48,1,5
BRDA:129,49,0,6
BRDA:129,49,1,3
BRF:100
BRH:47
end_of_record
TN:
SF:src/utils/test-utils.js
FN:8,(anonymous_0)
FNF:1
FNH:1
FNDA:14,(anonymous_0)
DA:8,3
DA:9,14
LF:2
LH:2
BRF:0
BRH:0
end_of_record
